warning: Currently logging to /usr/local/google/home/fuersta/test-vm/exp_scripts/test2_gdb/CPUID.log.  Turn the logging off and on to make the new setting effective.
Breakpoint 1 at 0xffffffff810f5ac9: file ./arch/x86/include/asm/cpuid.h, line 34.
native_irq_disable () at ./arch/x86/include/asm/irqflags.h:37
37		asm volatile("cli": : :"memory");
[Switching to Thread 1.3]

Thread 3 hit Breakpoint 1, 0xffffffff810f5ac9 in native_cpuid (edx=<synthetic pointer>, ecx=<synthetic pointer>, ebx=<synthetic pointer>, eax=<synthetic pointer>) at ./arch/x86/include/asm/cpuid.h:34
34		asm volatile("cpuid"
#0  0xffffffff810f5ac9 in native_cpuid (edx=<synthetic pointer>, ecx=<synthetic pointer>, ebx=<synthetic pointer>, eax=<synthetic pointer>) at ./arch/x86/include/asm/cpuid.h:34
#1  cpuid (edx=<synthetic pointer>, ecx=<synthetic pointer>, ebx=<synthetic pointer>, eax=<synthetic pointer>, op=1) at ./arch/x86/include/asm/cpuid.h:78
#2  cpuid_eax (op=1) at ./arch/x86/include/asm/cpuid.h:98
#3  mce_setup (m=m@entry=0xffffc900000fcde8) at arch/x86/kernel/cpu/mce/core.c:125
#4  0xffffffff81f43e6d in mce_gather_info (m=m@entry=0xffffc900000fcde8, regs=regs@entry=0x0 <fixed_percpu_data>) at arch/x86/kernel/cpu/mce/core.c:411
#5  0xffffffff810f5bac in machine_check_poll (flags=flags@entry=0, b=0xffff88813bd1bf20) at arch/x86/kernel/cpu/mce/core.c:667
#6  0xffffffff810f5f95 in mce_timer_fn (t=0xffff88813bd1bde0) at arch/x86/kernel/cpu/mce/core.c:1621
#7  0xffffffff811d6b0f in call_timer_fn (timer=timer@entry=0xffff88813bd1bde0, fn=fn@entry=0xffffffff810f5f00 <mce_timer_fn>, baseclk=baseclk@entry=4295000064) at kernel/time/timer.c:1700
#8  0xffffffff811d6e52 in expire_timers (head=0xffffc900000fcf08, base=0xffff88813bd1cd00) at kernel/time/timer.c:1751
#9  __run_timers (base=0xffff88813bd1cd00) at kernel/time/timer.c:2022
#10 0xffffffff811d6f18 in run_timer_softirq (h=<optimized out>) at kernel/time/timer.c:2035
#11 0xffffffff81f51b9d in __do_softirq () at kernel/softirq.c:571
#12 0xffffffff8113517d in invoke_softirq () at kernel/softirq.c:445
#13 __irq_exit_rcu () at kernel/softirq.c:650
#14 irq_exit_rcu () at kernel/softirq.c:662
#15 0xffffffff81f44fe2 in sysvec_apic_timer_interrupt (regs=0xffffc90000093e38) at arch/x86/kernel/apic/apic.c:1106
Backtrace stopped: Cannot access memory at address 0xffffc900000fd008
[Switching to Thread 1.2]

Thread 2 hit Breakpoint 1, 0xffffffff810f5ac9 in native_cpuid (edx=<synthetic pointer>, ecx=<synthetic pointer>, ebx=<synthetic pointer>, eax=<synthetic pointer>) at ./arch/x86/include/asm/cpuid.h:34
34		asm volatile("cpuid"
#0  0xffffffff810f5ac9 in native_cpuid (edx=<synthetic pointer>, ecx=<synthetic pointer>, ebx=<synthetic pointer>, eax=<synthetic pointer>) at ./arch/x86/include/asm/cpuid.h:34
#1  cpuid (edx=<synthetic pointer>, ecx=<synthetic pointer>, ebx=<synthetic pointer>, eax=<synthetic pointer>, op=1) at ./arch/x86/include/asm/cpuid.h:78
#2  cpuid_eax (op=1) at ./arch/x86/include/asm/cpuid.h:98
#3  mce_setup (m=m@entry=0xffffc900000d0de8) at arch/x86/kernel/cpu/mce/core.c:125
#4  0xffffffff81f43e6d in mce_gather_info (m=m@entry=0xffffc900000d0de8, regs=regs@entry=0x0 <fixed_percpu_data>) at arch/x86/kernel/cpu/mce/core.c:411
#5  0xffffffff810f5bac in machine_check_poll (flags=flags@entry=0, b=0xffff88813bc9bf20) at arch/x86/kernel/cpu/mce/core.c:667
#6  0xffffffff810f5f95 in mce_timer_fn (t=0xffff88813bc9bde0) at arch/x86/kernel/cpu/mce/core.c:1621
#7  0xffffffff811d6b0f in call_timer_fn (timer=timer@entry=0xffff88813bc9bde0, fn=fn@entry=0xffffffff810f5f00 <mce_timer_fn>, baseclk=baseclk@entry=4295000064) at kernel/time/timer.c:1700
#8  0xffffffff811d6e52 in expire_timers (head=0xffffc900000d0f08, base=0xffff88813bc9cd00) at kernel/time/timer.c:1751
#9  __run_timers (base=0xffff88813bc9cd00) at kernel/time/timer.c:2022
#10 0xffffffff811d6f18 in run_timer_softirq (h=<optimized out>) at kernel/time/timer.c:2035
#11 0xffffffff81f51b9d in __do_softirq () at kernel/softirq.c:571
#12 0xffffffff8113517d in invoke_softirq () at kernel/softirq.c:445
#13 __irq_exit_rcu () at kernel/softirq.c:650
#14 irq_exit_rcu () at kernel/softirq.c:662
#15 0xffffffff81f44fe2 in sysvec_apic_timer_interrupt (regs=0xffffc9000008be38) at arch/x86/kernel/apic/apic.c:1106
Backtrace stopped: Cannot access memory at address 0xffffc900000d1008
[Switching to Thread 1.4]

Thread 4 hit Breakpoint 1, 0xffffffff810f5ac9 in native_cpuid (edx=<synthetic pointer>, ecx=<synthetic pointer>, ebx=<synthetic pointer>, eax=<synthetic pointer>) at ./arch/x86/include/asm/cpuid.h:34
34		asm volatile("cpuid"
#0  0xffffffff810f5ac9 in native_cpuid (edx=<synthetic pointer>, ecx=<synthetic pointer>, ebx=<synthetic pointer>, eax=<synthetic pointer>) at ./arch/x86/include/asm/cpuid.h:34
#1  cpuid (edx=<synthetic pointer>, ecx=<synthetic pointer>, ebx=<synthetic pointer>, eax=<synthetic pointer>, op=1) at ./arch/x86/include/asm/cpuid.h:78
#2  cpuid_eax (op=1) at ./arch/x86/include/asm/cpuid.h:98
#3  mce_setup (m=m@entry=0xffffc90000128de8) at arch/x86/kernel/cpu/mce/core.c:125
#4  0xffffffff81f43e6d in mce_gather_info (m=m@entry=0xffffc90000128de8, regs=regs@entry=0x0 <fixed_percpu_data>) at arch/x86/kernel/cpu/mce/core.c:411
#5  0xffffffff810f5bac in machine_check_poll (flags=flags@entry=0, b=0xffff88813bd9bf20) at arch/x86/kernel/cpu/mce/core.c:667
#6  0xffffffff810f5f95 in mce_timer_fn (t=0xffff88813bd9bde0) at arch/x86/kernel/cpu/mce/core.c:1621
#7  0xffffffff811d6b0f in call_timer_fn (timer=timer@entry=0xffff88813bd9bde0, fn=fn@entry=0xffffffff810f5f00 <mce_timer_fn>, baseclk=baseclk@entry=4295000064) at kernel/time/timer.c:1700
#8  0xffffffff811d6e52 in expire_timers (head=0xffffc90000128f08, base=0xffff88813bd9cd00) at kernel/time/timer.c:1751
#9  __run_timers (base=0xffff88813bd9cd00) at kernel/time/timer.c:2022
#10 0xffffffff811d6f18 in run_timer_softirq (h=<optimized out>) at kernel/time/timer.c:2035
#11 0xffffffff81f51b9d in __do_softirq () at kernel/softirq.c:571
#12 0xffffffff8113517d in invoke_softirq () at kernel/softirq.c:445
#13 __irq_exit_rcu () at kernel/softirq.c:650
#14 irq_exit_rcu () at kernel/softirq.c:662
#15 0xffffffff81f44fe2 in sysvec_apic_timer_interrupt (regs=0xffffc9000009be38) at arch/x86/kernel/apic/apic.c:1106
Backtrace stopped: Cannot access memory at address 0xffffc90000129008
[Switching to Thread 1.1]

Thread 1 hit Breakpoint 1, 0xffffffff810f5ac9 in native_cpuid (edx=<synthetic pointer>, ecx=<synthetic pointer>, ebx=<synthetic pointer>, eax=<synthetic pointer>) at ./arch/x86/include/asm/cpuid.h:34
34		asm volatile("cpuid"
#0  0xffffffff810f5ac9 in native_cpuid (edx=<synthetic pointer>, ecx=<synthetic pointer>, ebx=<synthetic pointer>, eax=<synthetic pointer>) at ./arch/x86/include/asm/cpuid.h:34
#1  cpuid (edx=<synthetic pointer>, ecx=<synthetic pointer>, ebx=<synthetic pointer>, eax=<synthetic pointer>, op=1) at ./arch/x86/include/asm/cpuid.h:78
#2  cpuid_eax (op=1) at ./arch/x86/include/asm/cpuid.h:98
#3  mce_setup (m=m@entry=0xffffc90000003de8) at arch/x86/kernel/cpu/mce/core.c:125
#4  0xffffffff81f43e6d in mce_gather_info (m=m@entry=0xffffc90000003de8, regs=regs@entry=0x0 <fixed_percpu_data>) at arch/x86/kernel/cpu/mce/core.c:411
#5  0xffffffff810f5bac in machine_check_poll (flags=flags@entry=0, b=0xffff88813bc1bf20) at arch/x86/kernel/cpu/mce/core.c:667
#6  0xffffffff810f5f95 in mce_timer_fn (t=0xffff88813bc1bde0) at arch/x86/kernel/cpu/mce/core.c:1621
#7  0xffffffff811d6b0f in call_timer_fn (timer=timer@entry=0xffff88813bc1bde0, fn=fn@entry=0xffffffff810f5f00 <mce_timer_fn>, baseclk=baseclk@entry=4295000064) at kernel/time/timer.c:1700
#8  0xffffffff811d6e52 in expire_timers (head=0xffffc90000003f08, base=0xffff88813bc1cd00) at kernel/time/timer.c:1751
#9  __run_timers (base=0xffff88813bc1cd00) at kernel/time/timer.c:2022
#10 0xffffffff811d6f18 in run_timer_softirq (h=<optimized out>) at kernel/time/timer.c:2035
#11 0xffffffff81f51b9d in __do_softirq () at kernel/softirq.c:571
#12 0xffffffff8113517d in invoke_softirq () at kernel/softirq.c:445
#13 __irq_exit_rcu () at kernel/softirq.c:650
#14 irq_exit_rcu () at kernel/softirq.c:662
#15 0xffffffff81f44fe2 in sysvec_apic_timer_interrupt (regs=0xffffffff82a03dd8) at arch/x86/kernel/apic/apic.c:1106
Backtrace stopped: Cannot access memory at address 0xffffc90000004008

Thread 1 hit Breakpoint 1, 0xffffffff810f5ac9 in native_cpuid (edx=<synthetic pointer>, ecx=<synthetic pointer>, ebx=<synthetic pointer>, eax=<synthetic pointer>) at ./arch/x86/include/asm/cpuid.h:34
34		asm volatile("cpuid"
#0  0xffffffff810f5ac9 in native_cpuid (edx=<synthetic pointer>, ecx=<synthetic pointer>, ebx=<synthetic pointer>, eax=<synthetic pointer>) at ./arch/x86/include/asm/cpuid.h:34
#1  cpuid (edx=<synthetic pointer>, ecx=<synthetic pointer>, ebx=<synthetic pointer>, eax=<synthetic pointer>, op=1) at ./arch/x86/include/asm/cpuid.h:78
#2  cpuid_eax (op=1) at ./arch/x86/include/asm/cpuid.h:98
#3  mce_setup (m=m@entry=0xffffc90000003de8) at arch/x86/kernel/cpu/mce/core.c:125
#4  0xffffffff81f43e6d in mce_gather_info (m=m@entry=0xffffc90000003de8, regs=regs@entry=0x0 <fixed_percpu_data>) at arch/x86/kernel/cpu/mce/core.c:411
#5  0xffffffff810f5bac in machine_check_poll (flags=flags@entry=0, b=0xffff88813bc1bf20) at arch/x86/kernel/cpu/mce/core.c:667
#6  0xffffffff810f5f95 in mce_timer_fn (t=0xffff88813bc1bde0) at arch/x86/kernel/cpu/mce/core.c:1621
#7  0xffffffff811d6b0f in call_timer_fn (timer=timer@entry=0xffff88813bc1bde0, fn=fn@entry=0xffffffff810f5f00 <mce_timer_fn>, baseclk=baseclk@entry=4295327744) at kernel/time/timer.c:1700
#8  0xffffffff811d6e52 in expire_timers (head=0xffffc90000003f08, base=0xffff88813bc1cd00) at kernel/time/timer.c:1751
#9  __run_timers (base=0xffff88813bc1cd00) at kernel/time/timer.c:2022
#10 0xffffffff811d6f18 in run_timer_softirq (h=<optimized out>) at kernel/time/timer.c:2035
#11 0xffffffff81f51b9d in __do_softirq () at kernel/softirq.c:571
#12 0xffffffff8113517d in invoke_softirq () at kernel/softirq.c:445
#13 __irq_exit_rcu () at kernel/softirq.c:650
#14 irq_exit_rcu () at kernel/softirq.c:662
#15 0xffffffff81f44fe2 in sysvec_apic_timer_interrupt (regs=0xffffffff82a03dd8) at arch/x86/kernel/apic/apic.c:1106
Backtrace stopped: Cannot access memory at address 0xffffc90000004008
[Switching to Thread 1.2]

Thread 2 hit Breakpoint 1, 0xffffffff810f5ac9 in native_cpuid (edx=<synthetic pointer>, ecx=<synthetic pointer>, ebx=<synthetic pointer>, eax=<synthetic pointer>) at ./arch/x86/include/asm/cpuid.h:34
34		asm volatile("cpuid"
#0  0xffffffff810f5ac9 in native_cpuid (edx=<synthetic pointer>, ecx=<synthetic pointer>, ebx=<synthetic pointer>, eax=<synthetic pointer>) at ./arch/x86/include/asm/cpuid.h:34
#1  cpuid (edx=<synthetic pointer>, ecx=<synthetic pointer>, ebx=<synthetic pointer>, eax=<synthetic pointer>, op=1) at ./arch/x86/include/asm/cpuid.h:78
#2  cpuid_eax (op=1) at ./arch/x86/include/asm/cpuid.h:98
#3  mce_setup (m=m@entry=0xffffc900000d0de8) at arch/x86/kernel/cpu/mce/core.c:125
#4  0xffffffff81f43e6d in mce_gather_info (m=m@entry=0xffffc900000d0de8, regs=regs@entry=0x0 <fixed_percpu_data>) at arch/x86/kernel/cpu/mce/core.c:411
#5  0xffffffff810f5bac in machine_check_poll (flags=flags@entry=0, b=0xffff88813bc9bf20) at arch/x86/kernel/cpu/mce/core.c:667
#6  0xffffffff810f5f95 in mce_timer_fn (t=0xffff88813bc9bde0) at arch/x86/kernel/cpu/mce/core.c:1621
#7  0xffffffff811d6b0f in call_timer_fn (timer=timer@entry=0xffff88813bc9bde0, fn=fn@entry=0xffffffff810f5f00 <mce_timer_fn>, baseclk=baseclk@entry=4295327744) at kernel/time/timer.c:1700
#8  0xffffffff811d6e52 in expire_timers (head=0xffffc900000d0f08, base=0xffff88813bc9cd00) at kernel/time/timer.c:1751
#9  __run_timers (base=0xffff88813bc9cd00) at kernel/time/timer.c:2022
#10 0xffffffff811d6f18 in run_timer_softirq (h=<optimized out>) at kernel/time/timer.c:2035
#11 0xffffffff81f51b9d in __do_softirq () at kernel/softirq.c:571
#12 0xffffffff8113517d in invoke_softirq () at kernel/softirq.c:445
#13 __irq_exit_rcu () at kernel/softirq.c:650
#14 irq_exit_rcu () at kernel/softirq.c:662
#15 0xffffffff81f44fe2 in sysvec_apic_timer_interrupt (regs=0xffffc9000008be38) at arch/x86/kernel/apic/apic.c:1106
Backtrace stopped: Cannot access memory at address 0xffffc900000d1008
[Switching to Thread 1.3]

Thread 3 hit Breakpoint 1, 0xffffffff810f5ac9 in native_cpuid (edx=<synthetic pointer>, ecx=<synthetic pointer>, ebx=<synthetic pointer>, eax=<synthetic pointer>) at ./arch/x86/include/asm/cpuid.h:34
34		asm volatile("cpuid"
#0  0xffffffff810f5ac9 in native_cpuid (edx=<synthetic pointer>, ecx=<synthetic pointer>, ebx=<synthetic pointer>, eax=<synthetic pointer>) at ./arch/x86/include/asm/cpuid.h:34
#1  cpuid (edx=<synthetic pointer>, ecx=<synthetic pointer>, ebx=<synthetic pointer>, eax=<synthetic pointer>, op=1) at ./arch/x86/include/asm/cpuid.h:78
#2  cpuid_eax (op=1) at ./arch/x86/include/asm/cpuid.h:98
#3  mce_setup (m=m@entry=0xffffc900000fcde8) at arch/x86/kernel/cpu/mce/core.c:125
#4  0xffffffff81f43e6d in mce_gather_info (m=m@entry=0xffffc900000fcde8, regs=regs@entry=0x0 <fixed_percpu_data>) at arch/x86/kernel/cpu/mce/core.c:411
#5  0xffffffff810f5bac in machine_check_poll (flags=flags@entry=0, b=0xffff88813bd1bf20) at arch/x86/kernel/cpu/mce/core.c:667
#6  0xffffffff810f5f95 in mce_timer_fn (t=0xffff88813bd1bde0) at arch/x86/kernel/cpu/mce/core.c:1621
#7  0xffffffff811d6b0f in call_timer_fn (timer=timer@entry=0xffff88813bd1bde0, fn=fn@entry=0xffffffff810f5f00 <mce_timer_fn>, baseclk=baseclk@entry=4295327744) at kernel/time/timer.c:1700
#8  0xffffffff811d6e52 in expire_timers (head=0xffffc900000fcf08, base=0xffff88813bd1cd00) at kernel/time/timer.c:1751
#9  __run_timers (base=0xffff88813bd1cd00) at kernel/time/timer.c:2022
#10 0xffffffff811d6f18 in run_timer_softirq (h=<optimized out>) at kernel/time/timer.c:2035
#11 0xffffffff81f51b9d in __do_softirq () at kernel/softirq.c:571
#12 0xffffffff8113517d in invoke_softirq () at kernel/softirq.c:445
#13 __irq_exit_rcu () at kernel/softirq.c:650
#14 irq_exit_rcu () at kernel/softirq.c:662
#15 0xffffffff81f44fe2 in sysvec_apic_timer_interrupt (regs=0xffffc90000093e38) at arch/x86/kernel/apic/apic.c:1106
Backtrace stopped: Cannot access memory at address 0xffffc900000fd008
[Switching to Thread 1.4]

Thread 4 hit Breakpoint 1, 0xffffffff810f5ac9 in native_cpuid (edx=<synthetic pointer>, ecx=<synthetic pointer>, ebx=<synthetic pointer>, eax=<synthetic pointer>) at ./arch/x86/include/asm/cpuid.h:34
34		asm volatile("cpuid"
#0  0xffffffff810f5ac9 in native_cpuid (edx=<synthetic pointer>, ecx=<synthetic pointer>, ebx=<synthetic pointer>, eax=<synthetic pointer>) at ./arch/x86/include/asm/cpuid.h:34
#1  cpuid (edx=<synthetic pointer>, ecx=<synthetic pointer>, ebx=<synthetic pointer>, eax=<synthetic pointer>, op=1) at ./arch/x86/include/asm/cpuid.h:78
#2  cpuid_eax (op=1) at ./arch/x86/include/asm/cpuid.h:98
#3  mce_setup (m=m@entry=0xffffc90000128de8) at arch/x86/kernel/cpu/mce/core.c:125
#4  0xffffffff81f43e6d in mce_gather_info (m=m@entry=0xffffc90000128de8, regs=regs@entry=0x0 <fixed_percpu_data>) at arch/x86/kernel/cpu/mce/core.c:411
#5  0xffffffff810f5bac in machine_check_poll (flags=flags@entry=0, b=0xffff88813bd9bf20) at arch/x86/kernel/cpu/mce/core.c:667
#6  0xffffffff810f5f95 in mce_timer_fn (t=0xffff88813bd9bde0) at arch/x86/kernel/cpu/mce/core.c:1621
#7  0xffffffff811d6b0f in call_timer_fn (timer=timer@entry=0xffff88813bd9bde0, fn=fn@entry=0xffffffff810f5f00 <mce_timer_fn>, baseclk=baseclk@entry=4295327744) at kernel/time/timer.c:1700
#8  0xffffffff811d6e52 in expire_timers (head=0xffffc90000128f08, base=0xffff88813bd9cd00) at kernel/time/timer.c:1751
#9  __run_timers (base=0xffff88813bd9cd00) at kernel/time/timer.c:2022
#10 0xffffffff811d6f18 in run_timer_softirq (h=<optimized out>) at kernel/time/timer.c:2035
#11 0xffffffff81f51b9d in __do_softirq () at kernel/softirq.c:571
#12 0xffffffff8113517d in invoke_softirq () at kernel/softirq.c:445
#13 __irq_exit_rcu () at kernel/softirq.c:650
#14 irq_exit_rcu () at kernel/softirq.c:662
#15 0xffffffff81f44fe2 in sysvec_apic_timer_interrupt (regs=0xffffc9000009be38) at arch/x86/kernel/apic/apic.c:1106
Backtrace stopped: Cannot access memory at address 0xffffc90000129008

Thread 4 hit Breakpoint 1, 0xffffffff810f5ac9 in native_cpuid (edx=<synthetic pointer>, ecx=<synthetic pointer>, ebx=<synthetic pointer>, eax=<synthetic pointer>) at ./arch/x86/include/asm/cpuid.h:34
34		asm volatile("cpuid"
#0  0xffffffff810f5ac9 in native_cpuid (edx=<synthetic pointer>, ecx=<synthetic pointer>, ebx=<synthetic pointer>, eax=<synthetic pointer>) at ./arch/x86/include/asm/cpuid.h:34
#1  cpuid (edx=<synthetic pointer>, ecx=<synthetic pointer>, ebx=<synthetic pointer>, eax=<synthetic pointer>, op=1) at ./arch/x86/include/asm/cpuid.h:78
#2  cpuid_eax (op=1) at ./arch/x86/include/asm/cpuid.h:98
#3  mce_setup (m=m@entry=0xffffc90000128de8) at arch/x86/kernel/cpu/mce/core.c:125
#4  0xffffffff81f43e6d in mce_gather_info (m=m@entry=0xffffc90000128de8, regs=regs@entry=0x0 <fixed_percpu_data>) at arch/x86/kernel/cpu/mce/core.c:411
#5  0xffffffff810f5bac in machine_check_poll (flags=flags@entry=0, b=0xffff88813bd9bf20) at arch/x86/kernel/cpu/mce/core.c:667
#6  0xffffffff810f5f95 in mce_timer_fn (t=0xffff88813bd9bde0) at arch/x86/kernel/cpu/mce/core.c:1621
#7  0xffffffff811d6b0f in call_timer_fn (timer=timer@entry=0xffff88813bd9bde0, fn=fn@entry=0xffffffff810f5f00 <mce_timer_fn>, baseclk=baseclk@entry=4295655424) at kernel/time/timer.c:1700
#8  0xffffffff811d6e52 in expire_timers (head=0xffffc90000128f08, base=0xffff88813bd9cd00) at kernel/time/timer.c:1751
#9  __run_timers (base=0xffff88813bd9cd00) at kernel/time/timer.c:2022
#10 0xffffffff811d6f18 in run_timer_softirq (h=<optimized out>) at kernel/time/timer.c:2035
#11 0xffffffff81f51b9d in __do_softirq () at kernel/softirq.c:571
#12 0xffffffff8113517d in invoke_softirq () at kernel/softirq.c:445
#13 __irq_exit_rcu () at kernel/softirq.c:650
#14 irq_exit_rcu () at kernel/softirq.c:662
#15 0xffffffff81f44fe2 in sysvec_apic_timer_interrupt (regs=0xffffc9000009be38) at arch/x86/kernel/apic/apic.c:1106
Backtrace stopped: Cannot access memory at address 0xffffc90000129008
[Switching to Thread 1.3]

Thread 3 hit Breakpoint 1, 0xffffffff810f5ac9 in native_cpuid (edx=<synthetic pointer>, ecx=<synthetic pointer>, ebx=<synthetic pointer>, eax=<synthetic pointer>) at ./arch/x86/include/asm/cpuid.h:34
34		asm volatile("cpuid"
#0  0xffffffff810f5ac9 in native_cpuid (edx=<synthetic pointer>, ecx=<synthetic pointer>, ebx=<synthetic pointer>, eax=<synthetic pointer>) at ./arch/x86/include/asm/cpuid.h:34
#1  cpuid (edx=<synthetic pointer>, ecx=<synthetic pointer>, ebx=<synthetic pointer>, eax=<synthetic pointer>, op=1) at ./arch/x86/include/asm/cpuid.h:78
#2  cpuid_eax (op=1) at ./arch/x86/include/asm/cpuid.h:98
#3  mce_setup (m=m@entry=0xffffc900000fcde8) at arch/x86/kernel/cpu/mce/core.c:125
#4  0xffffffff81f43e6d in mce_gather_info (m=m@entry=0xffffc900000fcde8, regs=regs@entry=0x0 <fixed_percpu_data>) at arch/x86/kernel/cpu/mce/core.c:411
#5  0xffffffff810f5bac in machine_check_poll (flags=flags@entry=0, b=0xffff88813bd1bf20) at arch/x86/kernel/cpu/mce/core.c:667
#6  0xffffffff810f5f95 in mce_timer_fn (t=0xffff88813bd1bde0) at arch/x86/kernel/cpu/mce/core.c:1621
#7  0xffffffff811d6b0f in call_timer_fn (timer=timer@entry=0xffff88813bd1bde0, fn=fn@entry=0xffffffff810f5f00 <mce_timer_fn>, baseclk=baseclk@entry=4295655424) at kernel/time/timer.c:1700
#8  0xffffffff811d6e52 in expire_timers (head=0xffffc900000fcf10, base=0xffff88813bd1cd00) at kernel/time/timer.c:1751
#9  __run_timers (base=0xffff88813bd1cd00) at kernel/time/timer.c:2022
#10 0xffffffff811d6f18 in run_timer_softirq (h=<optimized out>) at kernel/time/timer.c:2035
#11 0xffffffff81f51b9d in __do_softirq () at kernel/softirq.c:571
#12 0xffffffff8113517d in invoke_softirq () at kernel/softirq.c:445
#13 __irq_exit_rcu () at kernel/softirq.c:650
#14 irq_exit_rcu () at kernel/softirq.c:662
#15 0xffffffff81f44fe2 in sysvec_apic_timer_interrupt (regs=0xffffc90000093e38) at arch/x86/kernel/apic/apic.c:1106
Backtrace stopped: Cannot access memory at address 0xffffc900000fd008
[Switching to Thread 1.2]

Thread 2 hit Breakpoint 1, 0xffffffff810f5ac9 in native_cpuid (edx=<synthetic pointer>, ecx=<synthetic pointer>, ebx=<synthetic pointer>, eax=<synthetic pointer>) at ./arch/x86/include/asm/cpuid.h:34
34		asm volatile("cpuid"
#0  0xffffffff810f5ac9 in native_cpuid (edx=<synthetic pointer>, ecx=<synthetic pointer>, ebx=<synthetic pointer>, eax=<synthetic pointer>) at ./arch/x86/include/asm/cpuid.h:34
#1  cpuid (edx=<synthetic pointer>, ecx=<synthetic pointer>, ebx=<synthetic pointer>, eax=<synthetic pointer>, op=1) at ./arch/x86/include/asm/cpuid.h:78
#2  cpuid_eax (op=1) at ./arch/x86/include/asm/cpuid.h:98
#3  mce_setup (m=m@entry=0xffffc900000d0de8) at arch/x86/kernel/cpu/mce/core.c:125
#4  0xffffffff81f43e6d in mce_gather_info (m=m@entry=0xffffc900000d0de8, regs=regs@entry=0x0 <fixed_percpu_data>) at arch/x86/kernel/cpu/mce/core.c:411
#5  0xffffffff810f5bac in machine_check_poll (flags=flags@entry=0, b=0xffff88813bc9bf20) at arch/x86/kernel/cpu/mce/core.c:667
#6  0xffffffff810f5f95 in mce_timer_fn (t=0xffff88813bc9bde0) at arch/x86/kernel/cpu/mce/core.c:1621
#7  0xffffffff811d6b0f in call_timer_fn (timer=timer@entry=0xffff88813bc9bde0, fn=fn@entry=0xffffffff810f5f00 <mce_timer_fn>, baseclk=baseclk@entry=4295655424) at kernel/time/timer.c:1700
#8  0xffffffff811d6e52 in expire_timers (head=0xffffc900000d0f08, base=0xffff88813bc9cd00) at kernel/time/timer.c:1751
#9  __run_timers (base=0xffff88813bc9cd00) at kernel/time/timer.c:2022
#10 0xffffffff811d6f18 in run_timer_softirq (h=<optimized out>) at kernel/time/timer.c:2035
#11 0xffffffff81f51b9d in __do_softirq () at kernel/softirq.c:571
#12 0xffffffff8113517d in invoke_softirq () at kernel/softirq.c:445
#13 __irq_exit_rcu () at kernel/softirq.c:650
#14 irq_exit_rcu () at kernel/softirq.c:662
#15 0xffffffff81f44fe2 in sysvec_apic_timer_interrupt (regs=0xffffc9000008be38) at arch/x86/kernel/apic/apic.c:1106
Backtrace stopped: Cannot access memory at address 0xffffc900000d1008
[Switching to Thread 1.1]

Thread 1 hit Breakpoint 1, 0xffffffff810f5ac9 in native_cpuid (edx=<synthetic pointer>, ecx=<synthetic pointer>, ebx=<synthetic pointer>, eax=<synthetic pointer>) at ./arch/x86/include/asm/cpuid.h:34
34		asm volatile("cpuid"
#0  0xffffffff810f5ac9 in native_cpuid (edx=<synthetic pointer>, ecx=<synthetic pointer>, ebx=<synthetic pointer>, eax=<synthetic pointer>) at ./arch/x86/include/asm/cpuid.h:34
#1  cpuid (edx=<synthetic pointer>, ecx=<synthetic pointer>, ebx=<synthetic pointer>, eax=<synthetic pointer>, op=1) at ./arch/x86/include/asm/cpuid.h:78
#2  cpuid_eax (op=1) at ./arch/x86/include/asm/cpuid.h:98
#3  mce_setup (m=m@entry=0xffffc90000003de8) at arch/x86/kernel/cpu/mce/core.c:125
#4  0xffffffff81f43e6d in mce_gather_info (m=m@entry=0xffffc90000003de8, regs=regs@entry=0x0 <fixed_percpu_data>) at arch/x86/kernel/cpu/mce/core.c:411
#5  0xffffffff810f5bac in machine_check_poll (flags=flags@entry=0, b=0xffff88813bc1bf20) at arch/x86/kernel/cpu/mce/core.c:667
#6  0xffffffff810f5f95 in mce_timer_fn (t=0xffff88813bc1bde0) at arch/x86/kernel/cpu/mce/core.c:1621
#7  0xffffffff811d6b0f in call_timer_fn (timer=timer@entry=0xffff88813bc1bde0, fn=fn@entry=0xffffffff810f5f00 <mce_timer_fn>, baseclk=baseclk@entry=4295655424) at kernel/time/timer.c:1700
#8  0xffffffff811d6e52 in expire_timers (head=0xffffc90000003f08, base=0xffff88813bc1cd00) at kernel/time/timer.c:1751
#9  __run_timers (base=0xffff88813bc1cd00) at kernel/time/timer.c:2022
#10 0xffffffff811d6f18 in run_timer_softirq (h=<optimized out>) at kernel/time/timer.c:2035
#11 0xffffffff81f51b9d in __do_softirq () at kernel/softirq.c:571
#12 0xffffffff8113517d in invoke_softirq () at kernel/softirq.c:445
#13 __irq_exit_rcu () at kernel/softirq.c:650
#14 irq_exit_rcu () at kernel/softirq.c:662
#15 0xffffffff81f44fe2 in sysvec_apic_timer_interrupt (regs=0xffffffff82a03dd8) at arch/x86/kernel/apic/apic.c:1106
Backtrace stopped: Cannot access memory at address 0xffffc90000004008
[Switching to Thread 1.3]

Thread 3 hit Breakpoint 1, 0xffffffff810f5ac9 in native_cpuid (edx=<synthetic pointer>, ecx=<synthetic pointer>, ebx=<synthetic pointer>, eax=<synthetic pointer>) at ./arch/x86/include/asm/cpuid.h:34
34		asm volatile("cpuid"
#0  0xffffffff810f5ac9 in native_cpuid (edx=<synthetic pointer>, ecx=<synthetic pointer>, ebx=<synthetic pointer>, eax=<synthetic pointer>) at ./arch/x86/include/asm/cpuid.h:34
#1  cpuid (edx=<synthetic pointer>, ecx=<synthetic pointer>, ebx=<synthetic pointer>, eax=<synthetic pointer>, op=1) at ./arch/x86/include/asm/cpuid.h:78
#2  cpuid_eax (op=1) at ./arch/x86/include/asm/cpuid.h:98
#3  mce_setup (m=m@entry=0xffffc900000fcde8) at arch/x86/kernel/cpu/mce/core.c:125
#4  0xffffffff81f43e6d in mce_gather_info (m=m@entry=0xffffc900000fcde8, regs=regs@entry=0x0 <fixed_percpu_data>) at arch/x86/kernel/cpu/mce/core.c:411
#5  0xffffffff810f5bac in machine_check_poll (flags=flags@entry=0, b=0xffff88813bd1bf20) at arch/x86/kernel/cpu/mce/core.c:667
#6  0xffffffff810f5f95 in mce_timer_fn (t=0xffff88813bd1bde0) at arch/x86/kernel/cpu/mce/core.c:1621
#7  0xffffffff811d6b0f in call_timer_fn (timer=timer@entry=0xffff88813bd1bde0, fn=fn@entry=0xffffffff810f5f00 <mce_timer_fn>, baseclk=baseclk@entry=4295983104) at kernel/time/timer.c:1700
#8  0xffffffff811d6e52 in expire_timers (head=0xffffc900000fcf08, base=0xffff88813bd1cd00) at kernel/time/timer.c:1751
#9  __run_timers (base=0xffff88813bd1cd00) at kernel/time/timer.c:2022
#10 0xffffffff811d6f18 in run_timer_softirq (h=<optimized out>) at kernel/time/timer.c:2035
#11 0xffffffff81f51b9d in __do_softirq () at kernel/softirq.c:571
#12 0xffffffff8113517d in invoke_softirq () at kernel/softirq.c:445
#13 __irq_exit_rcu () at kernel/softirq.c:650
#14 irq_exit_rcu () at kernel/softirq.c:662
#15 0xffffffff81f44fe2 in sysvec_apic_timer_interrupt (regs=0xffffc90000093e38) at arch/x86/kernel/apic/apic.c:1106
Backtrace stopped: Cannot access memory at address 0xffffc900000fd008
[Switching to Thread 1.2]

Thread 2 hit Breakpoint 1, 0xffffffff810f5ac9 in native_cpuid (edx=<synthetic pointer>, ecx=<synthetic pointer>, ebx=<synthetic pointer>, eax=<synthetic pointer>) at ./arch/x86/include/asm/cpuid.h:34
34		asm volatile("cpuid"
#0  0xffffffff810f5ac9 in native_cpuid (edx=<synthetic pointer>, ecx=<synthetic pointer>, ebx=<synthetic pointer>, eax=<synthetic pointer>) at ./arch/x86/include/asm/cpuid.h:34
#1  cpuid (edx=<synthetic pointer>, ecx=<synthetic pointer>, ebx=<synthetic pointer>, eax=<synthetic pointer>, op=1) at ./arch/x86/include/asm/cpuid.h:78
#2  cpuid_eax (op=1) at ./arch/x86/include/asm/cpuid.h:98
#3  mce_setup (m=m@entry=0xffffc900000d0de8) at arch/x86/kernel/cpu/mce/core.c:125
#4  0xffffffff81f43e6d in mce_gather_info (m=m@entry=0xffffc900000d0de8, regs=regs@entry=0x0 <fixed_percpu_data>) at arch/x86/kernel/cpu/mce/core.c:411
#5  0xffffffff810f5bac in machine_check_poll (flags=flags@entry=0, b=0xffff88813bc9bf20) at arch/x86/kernel/cpu/mce/core.c:667
#6  0xffffffff810f5f95 in mce_timer_fn (t=0xffff88813bc9bde0) at arch/x86/kernel/cpu/mce/core.c:1621
#7  0xffffffff811d6b0f in call_timer_fn (timer=timer@entry=0xffff88813bc9bde0, fn=fn@entry=0xffffffff810f5f00 <mce_timer_fn>, baseclk=baseclk@entry=4295983104) at kernel/time/timer.c:1700
#8  0xffffffff811d6e52 in expire_timers (head=0xffffc900000d0f08, base=0xffff88813bc9cd00) at kernel/time/timer.c:1751
#9  __run_timers (base=0xffff88813bc9cd00) at kernel/time/timer.c:2022
#10 0xffffffff811d6f18 in run_timer_softirq (h=<optimized out>) at kernel/time/timer.c:2035
#11 0xffffffff81f51b9d in __do_softirq () at kernel/softirq.c:571
#12 0xffffffff8113517d in invoke_softirq () at kernel/softirq.c:445
#13 __irq_exit_rcu () at kernel/softirq.c:650
#14 irq_exit_rcu () at kernel/softirq.c:662
#15 0xffffffff81f44fe2 in sysvec_apic_timer_interrupt (regs=0xffffc9000008be38) at arch/x86/kernel/apic/apic.c:1106
Backtrace stopped: Cannot access memory at address 0xffffc900000d1008
[Switching to Thread 1.4]

Thread 4 hit Breakpoint 1, 0xffffffff810f5ac9 in native_cpuid (edx=<synthetic pointer>, ecx=<synthetic pointer>, ebx=<synthetic pointer>, eax=<synthetic pointer>) at ./arch/x86/include/asm/cpuid.h:34
34		asm volatile("cpuid"
#0  0xffffffff810f5ac9 in native_cpuid (edx=<synthetic pointer>, ecx=<synthetic pointer>, ebx=<synthetic pointer>, eax=<synthetic pointer>) at ./arch/x86/include/asm/cpuid.h:34
#1  cpuid (edx=<synthetic pointer>, ecx=<synthetic pointer>, ebx=<synthetic pointer>, eax=<synthetic pointer>, op=1) at ./arch/x86/include/asm/cpuid.h:78
#2  cpuid_eax (op=1) at ./arch/x86/include/asm/cpuid.h:98
#3  mce_setup (m=m@entry=0xffffc90000128de8) at arch/x86/kernel/cpu/mce/core.c:125
#4  0xffffffff81f43e6d in mce_gather_info (m=m@entry=0xffffc90000128de8, regs=regs@entry=0x0 <fixed_percpu_data>) at arch/x86/kernel/cpu/mce/core.c:411
#5  0xffffffff810f5bac in machine_check_poll (flags=flags@entry=0, b=0xffff88813bd9bf20) at arch/x86/kernel/cpu/mce/core.c:667
#6  0xffffffff810f5f95 in mce_timer_fn (t=0xffff88813bd9bde0) at arch/x86/kernel/cpu/mce/core.c:1621
#7  0xffffffff811d6b0f in call_timer_fn (timer=timer@entry=0xffff88813bd9bde0, fn=fn@entry=0xffffffff810f5f00 <mce_timer_fn>, baseclk=baseclk@entry=4295983104) at kernel/time/timer.c:1700
#8  0xffffffff811d6e52 in expire_timers (head=0xffffc90000128f08, base=0xffff88813bd9cd00) at kernel/time/timer.c:1751
#9  __run_timers (base=0xffff88813bd9cd00) at kernel/time/timer.c:2022
#10 0xffffffff811d6f18 in run_timer_softirq (h=<optimized out>) at kernel/time/timer.c:2035
#11 0xffffffff81f51b9d in __do_softirq () at kernel/softirq.c:571
#12 0xffffffff8113517d in invoke_softirq () at kernel/softirq.c:445
#13 __irq_exit_rcu () at kernel/softirq.c:650
#14 irq_exit_rcu () at kernel/softirq.c:662
#15 0xffffffff81f44fe2 in sysvec_apic_timer_interrupt (regs=0xffffc9000009be38) at arch/x86/kernel/apic/apic.c:1106
Backtrace stopped: Cannot access memory at address 0xffffc90000129008
[Switching to Thread 1.1]

Thread 1 hit Breakpoint 1, 0xffffffff810f5ac9 in native_cpuid (edx=<synthetic pointer>, ecx=<synthetic pointer>, ebx=<synthetic pointer>, eax=<synthetic pointer>) at ./arch/x86/include/asm/cpuid.h:34
34		asm volatile("cpuid"
#0  0xffffffff810f5ac9 in native_cpuid (edx=<synthetic pointer>, ecx=<synthetic pointer>, ebx=<synthetic pointer>, eax=<synthetic pointer>) at ./arch/x86/include/asm/cpuid.h:34
#1  cpuid (edx=<synthetic pointer>, ecx=<synthetic pointer>, ebx=<synthetic pointer>, eax=<synthetic pointer>, op=1) at ./arch/x86/include/asm/cpuid.h:78
#2  cpuid_eax (op=1) at ./arch/x86/include/asm/cpuid.h:98
#3  mce_setup (m=m@entry=0xffffc90000003de8) at arch/x86/kernel/cpu/mce/core.c:125
#4  0xffffffff81f43e6d in mce_gather_info (m=m@entry=0xffffc90000003de8, regs=regs@entry=0x0 <fixed_percpu_data>) at arch/x86/kernel/cpu/mce/core.c:411
#5  0xffffffff810f5bac in machine_check_poll (flags=flags@entry=0, b=0xffff88813bc1bf20) at arch/x86/kernel/cpu/mce/core.c:667
#6  0xffffffff810f5f95 in mce_timer_fn (t=0xffff88813bc1bde0) at arch/x86/kernel/cpu/mce/core.c:1621
#7  0xffffffff811d6b0f in call_timer_fn (timer=timer@entry=0xffff88813bc1bde0, fn=fn@entry=0xffffffff810f5f00 <mce_timer_fn>, baseclk=baseclk@entry=4295983104) at kernel/time/timer.c:1700
#8  0xffffffff811d6e52 in expire_timers (head=0xffffc90000003f08, base=0xffff88813bc1cd00) at kernel/time/timer.c:1751
#9  __run_timers (base=0xffff88813bc1cd00) at kernel/time/timer.c:2022
#10 0xffffffff811d6f18 in run_timer_softirq (h=<optimized out>) at kernel/time/timer.c:2035
#11 0xffffffff81f51b9d in __do_softirq () at kernel/softirq.c:571
#12 0xffffffff8113517d in invoke_softirq () at kernel/softirq.c:445
#13 __irq_exit_rcu () at kernel/softirq.c:650
#14 irq_exit_rcu () at kernel/softirq.c:662
#15 0xffffffff81f44fe2 in sysvec_apic_timer_interrupt (regs=0xffffffff82a03dd8) at arch/x86/kernel/apic/apic.c:1106
Backtrace stopped: Cannot access memory at address 0xffffc90000004008
[Switching to Thread 1.4]

Thread 4 hit Breakpoint 1, 0xffffffff810f5ac9 in native_cpuid (edx=<synthetic pointer>, ecx=<synthetic pointer>, ebx=<synthetic pointer>, eax=<synthetic pointer>) at ./arch/x86/include/asm/cpuid.h:34
34		asm volatile("cpuid"
#0  0xffffffff810f5ac9 in native_cpuid (edx=<synthetic pointer>, ecx=<synthetic pointer>, ebx=<synthetic pointer>, eax=<synthetic pointer>) at ./arch/x86/include/asm/cpuid.h:34
#1  cpuid (edx=<synthetic pointer>, ecx=<synthetic pointer>, ebx=<synthetic pointer>, eax=<synthetic pointer>, op=1) at ./arch/x86/include/asm/cpuid.h:78
#2  cpuid_eax (op=1) at ./arch/x86/include/asm/cpuid.h:98
#3  mce_setup (m=m@entry=0xffffc90000128de8) at arch/x86/kernel/cpu/mce/core.c:125
#4  0xffffffff81f43e6d in mce_gather_info (m=m@entry=0xffffc90000128de8, regs=regs@entry=0x0 <fixed_percpu_data>) at arch/x86/kernel/cpu/mce/core.c:411
#5  0xffffffff810f5bac in machine_check_poll (flags=flags@entry=0, b=0xffff88813bd9bf20) at arch/x86/kernel/cpu/mce/core.c:667
#6  0xffffffff810f5f95 in mce_timer_fn (t=0xffff88813bd9bde0) at arch/x86/kernel/cpu/mce/core.c:1621
#7  0xffffffff811d6b0f in call_timer_fn (timer=timer@entry=0xffff88813bd9bde0, fn=fn@entry=0xffffffff810f5f00 <mce_timer_fn>, baseclk=baseclk@entry=4296310784) at kernel/time/timer.c:1700
#8  0xffffffff811d6e52 in expire_timers (head=0xffffc90000128f08, base=0xffff88813bd9cd00) at kernel/time/timer.c:1751
#9  __run_timers (base=0xffff88813bd9cd00) at kernel/time/timer.c:2022
#10 0xffffffff811d6f18 in run_timer_softirq (h=<optimized out>) at kernel/time/timer.c:2035
#11 0xffffffff81f51b9d in __do_softirq () at kernel/softirq.c:571
#12 0xffffffff8113517d in invoke_softirq () at kernel/softirq.c:445
#13 __irq_exit_rcu () at kernel/softirq.c:650
#14 irq_exit_rcu () at kernel/softirq.c:662
#15 0xffffffff81f44fe2 in sysvec_apic_timer_interrupt (regs=0xffffc9000009be38) at arch/x86/kernel/apic/apic.c:1106
Backtrace stopped: Cannot access memory at address 0xffffc90000129008
[Switching to Thread 1.3]

Thread 3 hit Breakpoint 1, 0xffffffff810f5ac9 in native_cpuid (edx=<synthetic pointer>, ecx=<synthetic pointer>, ebx=<synthetic pointer>, eax=<synthetic pointer>) at ./arch/x86/include/asm/cpuid.h:34
34		asm volatile("cpuid"
#0  0xffffffff810f5ac9 in native_cpuid (edx=<synthetic pointer>, ecx=<synthetic pointer>, ebx=<synthetic pointer>, eax=<synthetic pointer>) at ./arch/x86/include/asm/cpuid.h:34
#1  cpuid (edx=<synthetic pointer>, ecx=<synthetic pointer>, ebx=<synthetic pointer>, eax=<synthetic pointer>, op=1) at ./arch/x86/include/asm/cpuid.h:78
#2  cpuid_eax (op=1) at ./arch/x86/include/asm/cpuid.h:98
#3  mce_setup (m=m@entry=0xffffc900000fcde8) at arch/x86/kernel/cpu/mce/core.c:125
#4  0xffffffff81f43e6d in mce_gather_info (m=m@entry=0xffffc900000fcde8, regs=regs@entry=0x0 <fixed_percpu_data>) at arch/x86/kernel/cpu/mce/core.c:411
#5  0xffffffff810f5bac in machine_check_poll (flags=flags@entry=0, b=0xffff88813bd1bf20) at arch/x86/kernel/cpu/mce/core.c:667
#6  0xffffffff810f5f95 in mce_timer_fn (t=0xffff88813bd1bde0) at arch/x86/kernel/cpu/mce/core.c:1621
#7  0xffffffff811d6b0f in call_timer_fn (timer=timer@entry=0xffff88813bd1bde0, fn=fn@entry=0xffffffff810f5f00 <mce_timer_fn>, baseclk=baseclk@entry=4296310784) at kernel/time/timer.c:1700
#8  0xffffffff811d6e52 in expire_timers (head=0xffffc900000fcf08, base=0xffff88813bd1cd00) at kernel/time/timer.c:1751
#9  __run_timers (base=0xffff88813bd1cd00) at kernel/time/timer.c:2022
#10 0xffffffff811d6f18 in run_timer_softirq (h=<optimized out>) at kernel/time/timer.c:2035
#11 0xffffffff81f51b9d in __do_softirq () at kernel/softirq.c:571
#12 0xffffffff8113517d in invoke_softirq () at kernel/softirq.c:445
#13 __irq_exit_rcu () at kernel/softirq.c:650
#14 irq_exit_rcu () at kernel/softirq.c:662
#15 0xffffffff81f44fe2 in sysvec_apic_timer_interrupt (regs=0xffffc90000093e38) at arch/x86/kernel/apic/apic.c:1106
Backtrace stopped: Cannot access memory at address 0xffffc900000fd008
[Switching to Thread 1.2]

Thread 2 hit Breakpoint 1, 0xffffffff810f5ac9 in native_cpuid (edx=<synthetic pointer>, ecx=<synthetic pointer>, ebx=<synthetic pointer>, eax=<synthetic pointer>) at ./arch/x86/include/asm/cpuid.h:34
34		asm volatile("cpuid"
#0  0xffffffff810f5ac9 in native_cpuid (edx=<synthetic pointer>, ecx=<synthetic pointer>, ebx=<synthetic pointer>, eax=<synthetic pointer>) at ./arch/x86/include/asm/cpuid.h:34
#1  cpuid (edx=<synthetic pointer>, ecx=<synthetic pointer>, ebx=<synthetic pointer>, eax=<synthetic pointer>, op=1) at ./arch/x86/include/asm/cpuid.h:78
#2  cpuid_eax (op=1) at ./arch/x86/include/asm/cpuid.h:98
#3  mce_setup (m=m@entry=0xffffc900000d0de8) at arch/x86/kernel/cpu/mce/core.c:125
#4  0xffffffff81f43e6d in mce_gather_info (m=m@entry=0xffffc900000d0de8, regs=regs@entry=0x0 <fixed_percpu_data>) at arch/x86/kernel/cpu/mce/core.c:411
#5  0xffffffff810f5bac in machine_check_poll (flags=flags@entry=0, b=0xffff88813bc9bf20) at arch/x86/kernel/cpu/mce/core.c:667
#6  0xffffffff810f5f95 in mce_timer_fn (t=0xffff88813bc9bde0) at arch/x86/kernel/cpu/mce/core.c:1621
#7  0xffffffff811d6b0f in call_timer_fn (timer=timer@entry=0xffff88813bc9bde0, fn=fn@entry=0xffffffff810f5f00 <mce_timer_fn>, baseclk=baseclk@entry=4296310784) at kernel/time/timer.c:1700
#8  0xffffffff811d6e52 in expire_timers (head=0xffffc900000d0f08, base=0xffff88813bc9cd00) at kernel/time/timer.c:1751
#9  __run_timers (base=0xffff88813bc9cd00) at kernel/time/timer.c:2022
#10 0xffffffff811d6f18 in run_timer_softirq (h=<optimized out>) at kernel/time/timer.c:2035
#11 0xffffffff81f51b9d in __do_softirq () at kernel/softirq.c:571
#12 0xffffffff8113517d in invoke_softirq () at kernel/softirq.c:445
#13 __irq_exit_rcu () at kernel/softirq.c:650
#14 irq_exit_rcu () at kernel/softirq.c:662
#15 0xffffffff81f44fe2 in sysvec_apic_timer_interrupt (regs=0xffffc9000008be38) at arch/x86/kernel/apic/apic.c:1106
Backtrace stopped: Cannot access memory at address 0xffffc900000d1008
[Switching to Thread 1.1]

Thread 1 hit Breakpoint 1, 0xffffffff810f5ac9 in native_cpuid (edx=<synthetic pointer>, ecx=<synthetic pointer>, ebx=<synthetic pointer>, eax=<synthetic pointer>) at ./arch/x86/include/asm/cpuid.h:34
34		asm volatile("cpuid"
#0  0xffffffff810f5ac9 in native_cpuid (edx=<synthetic pointer>, ecx=<synthetic pointer>, ebx=<synthetic pointer>, eax=<synthetic pointer>) at ./arch/x86/include/asm/cpuid.h:34
#1  cpuid (edx=<synthetic pointer>, ecx=<synthetic pointer>, ebx=<synthetic pointer>, eax=<synthetic pointer>, op=1) at ./arch/x86/include/asm/cpuid.h:78
#2  cpuid_eax (op=1) at ./arch/x86/include/asm/cpuid.h:98
#3  mce_setup (m=m@entry=0xffffc90000003de8) at arch/x86/kernel/cpu/mce/core.c:125
#4  0xffffffff81f43e6d in mce_gather_info (m=m@entry=0xffffc90000003de8, regs=regs@entry=0x0 <fixed_percpu_data>) at arch/x86/kernel/cpu/mce/core.c:411
#5  0xffffffff810f5bac in machine_check_poll (flags=flags@entry=0, b=0xffff88813bc1bf20) at arch/x86/kernel/cpu/mce/core.c:667
#6  0xffffffff810f5f95 in mce_timer_fn (t=0xffff88813bc1bde0) at arch/x86/kernel/cpu/mce/core.c:1621
#7  0xffffffff811d6b0f in call_timer_fn (timer=timer@entry=0xffff88813bc1bde0, fn=fn@entry=0xffffffff810f5f00 <mce_timer_fn>, baseclk=baseclk@entry=4296310784) at kernel/time/timer.c:1700
#8  0xffffffff811d6e52 in expire_timers (head=0xffffc90000003f08, base=0xffff88813bc1cd00) at kernel/time/timer.c:1751
#9  __run_timers (base=0xffff88813bc1cd00) at kernel/time/timer.c:2022
#10 0xffffffff811d6f18 in run_timer_softirq (h=<optimized out>) at kernel/time/timer.c:2035
#11 0xffffffff81f51b9d in __do_softirq () at kernel/softirq.c:571
#12 0xffffffff8113517d in invoke_softirq () at kernel/softirq.c:445
#13 __irq_exit_rcu () at kernel/softirq.c:650
#14 irq_exit_rcu () at kernel/softirq.c:662
#15 0xffffffff81f44fe2 in sysvec_apic_timer_interrupt (regs=0xffffffff82a03dd8) at arch/x86/kernel/apic/apic.c:1106
Backtrace stopped: Cannot access memory at address 0xffffc90000004008
[Switching to Thread 1.3]

Thread 3 hit Breakpoint 1, 0xffffffff810f5ac9 in native_cpuid (edx=<synthetic pointer>, ecx=<synthetic pointer>, ebx=<synthetic pointer>, eax=<synthetic pointer>) at ./arch/x86/include/asm/cpuid.h:34
34		asm volatile("cpuid"
#0  0xffffffff810f5ac9 in native_cpuid (edx=<synthetic pointer>, ecx=<synthetic pointer>, ebx=<synthetic pointer>, eax=<synthetic pointer>) at ./arch/x86/include/asm/cpuid.h:34
#1  cpuid (edx=<synthetic pointer>, ecx=<synthetic pointer>, ebx=<synthetic pointer>, eax=<synthetic pointer>, op=1) at ./arch/x86/include/asm/cpuid.h:78
#2  cpuid_eax (op=1) at ./arch/x86/include/asm/cpuid.h:98
#3  mce_setup (m=m@entry=0xffffc900000fcde8) at arch/x86/kernel/cpu/mce/core.c:125
#4  0xffffffff81f43e6d in mce_gather_info (m=m@entry=0xffffc900000fcde8, regs=regs@entry=0x0 <fixed_percpu_data>) at arch/x86/kernel/cpu/mce/core.c:411
#5  0xffffffff810f5bac in machine_check_poll (flags=flags@entry=0, b=0xffff88813bd1bf20) at arch/x86/kernel/cpu/mce/core.c:667
#6  0xffffffff810f5f95 in mce_timer_fn (t=0xffff88813bd1bde0) at arch/x86/kernel/cpu/mce/core.c:1621
#7  0xffffffff811d6b0f in call_timer_fn (timer=timer@entry=0xffff88813bd1bde0, fn=fn@entry=0xffffffff810f5f00 <mce_timer_fn>, baseclk=baseclk@entry=4296638464) at kernel/time/timer.c:1700
#8  0xffffffff811d6e52 in expire_timers (head=0xffffc900000fcf10, base=0xffff88813bd1cd00) at kernel/time/timer.c:1751
#9  __run_timers (base=0xffff88813bd1cd00) at kernel/time/timer.c:2022
#10 0xffffffff811d6f18 in run_timer_softirq (h=<optimized out>) at kernel/time/timer.c:2035
#11 0xffffffff81f51b9d in __do_softirq () at kernel/softirq.c:571
#12 0xffffffff8113517d in invoke_softirq () at kernel/softirq.c:445
#13 __irq_exit_rcu () at kernel/softirq.c:650
#14 irq_exit_rcu () at kernel/softirq.c:662
#15 0xffffffff81f44fe2 in sysvec_apic_timer_interrupt (regs=0xffffc90000093e38) at arch/x86/kernel/apic/apic.c:1106
Backtrace stopped: Cannot access memory at address 0xffffc900000fd008
[Switching to Thread 1.2]

Thread 2 hit Breakpoint 1, 0xffffffff810f5ac9 in native_cpuid (edx=<synthetic pointer>, ecx=<synthetic pointer>, ebx=<synthetic pointer>, eax=<synthetic pointer>) at ./arch/x86/include/asm/cpuid.h:34
34		asm volatile("cpuid"
#0  0xffffffff810f5ac9 in native_cpuid (edx=<synthetic pointer>, ecx=<synthetic pointer>, ebx=<synthetic pointer>, eax=<synthetic pointer>) at ./arch/x86/include/asm/cpuid.h:34
#1  cpuid (edx=<synthetic pointer>, ecx=<synthetic pointer>, ebx=<synthetic pointer>, eax=<synthetic pointer>, op=1) at ./arch/x86/include/asm/cpuid.h:78
#2  cpuid_eax (op=1) at ./arch/x86/include/asm/cpuid.h:98
#3  mce_setup (m=m@entry=0xffffc900000d0de8) at arch/x86/kernel/cpu/mce/core.c:125
#4  0xffffffff81f43e6d in mce_gather_info (m=m@entry=0xffffc900000d0de8, regs=regs@entry=0x0 <fixed_percpu_data>) at arch/x86/kernel/cpu/mce/core.c:411
#5  0xffffffff810f5bac in machine_check_poll (flags=flags@entry=0, b=0xffff88813bc9bf20) at arch/x86/kernel/cpu/mce/core.c:667
#6  0xffffffff810f5f95 in mce_timer_fn (t=0xffff88813bc9bde0) at arch/x86/kernel/cpu/mce/core.c:1621
#7  0xffffffff811d6b0f in call_timer_fn (timer=timer@entry=0xffff88813bc9bde0, fn=fn@entry=0xffffffff810f5f00 <mce_timer_fn>, baseclk=baseclk@entry=4296638464) at kernel/time/timer.c:1700
#8  0xffffffff811d6e52 in expire_timers (head=0xffffc900000d0f08, base=0xffff88813bc9cd00) at kernel/time/timer.c:1751
#9  __run_timers (base=0xffff88813bc9cd00) at kernel/time/timer.c:2022
#10 0xffffffff811d6f18 in run_timer_softirq (h=<optimized out>) at kernel/time/timer.c:2035
#11 0xffffffff81f51b9d in __do_softirq () at kernel/softirq.c:571
#12 0xffffffff8113517d in invoke_softirq () at kernel/softirq.c:445
#13 __irq_exit_rcu () at kernel/softirq.c:650
#14 irq_exit_rcu () at kernel/softirq.c:662
#15 0xffffffff81f44fe2 in sysvec_apic_timer_interrupt (regs=0xffffc9000008be38) at arch/x86/kernel/apic/apic.c:1106
Backtrace stopped: Cannot access memory at address 0xffffc900000d1008
[Switching to Thread 1.1]

Thread 1 hit Breakpoint 1, 0xffffffff810f5ac9 in native_cpuid (edx=<synthetic pointer>, ecx=<synthetic pointer>, ebx=<synthetic pointer>, eax=<synthetic pointer>) at ./arch/x86/include/asm/cpuid.h:34
34		asm volatile("cpuid"
#0  0xffffffff810f5ac9 in native_cpuid (edx=<synthetic pointer>, ecx=<synthetic pointer>, ebx=<synthetic pointer>, eax=<synthetic pointer>) at ./arch/x86/include/asm/cpuid.h:34
#1  cpuid (edx=<synthetic pointer>, ecx=<synthetic pointer>, ebx=<synthetic pointer>, eax=<synthetic pointer>, op=1) at ./arch/x86/include/asm/cpuid.h:78
#2  cpuid_eax (op=1) at ./arch/x86/include/asm/cpuid.h:98
#3  mce_setup (m=m@entry=0xffffc90000003de8) at arch/x86/kernel/cpu/mce/core.c:125
#4  0xffffffff81f43e6d in mce_gather_info (m=m@entry=0xffffc90000003de8, regs=regs@entry=0x0 <fixed_percpu_data>) at arch/x86/kernel/cpu/mce/core.c:411
#5  0xffffffff810f5bac in machine_check_poll (flags=flags@entry=0, b=0xffff88813bc1bf20) at arch/x86/kernel/cpu/mce/core.c:667
#6  0xffffffff810f5f95 in mce_timer_fn (t=0xffff88813bc1bde0) at arch/x86/kernel/cpu/mce/core.c:1621
#7  0xffffffff811d6b0f in call_timer_fn (timer=timer@entry=0xffff88813bc1bde0, fn=fn@entry=0xffffffff810f5f00 <mce_timer_fn>, baseclk=baseclk@entry=4296638464) at kernel/time/timer.c:1700
#8  0xffffffff811d6e52 in expire_timers (head=0xffffc90000003f08, base=0xffff88813bc1cd00) at kernel/time/timer.c:1751
#9  __run_timers (base=0xffff88813bc1cd00) at kernel/time/timer.c:2022
#10 0xffffffff811d6f18 in run_timer_softirq (h=<optimized out>) at kernel/time/timer.c:2035
#11 0xffffffff81f51b9d in __do_softirq () at kernel/softirq.c:571
#12 0xffffffff8113517d in invoke_softirq () at kernel/softirq.c:445
#13 __irq_exit_rcu () at kernel/softirq.c:650
#14 irq_exit_rcu () at kernel/softirq.c:662
#15 0xffffffff81f44fe2 in sysvec_apic_timer_interrupt (regs=0xffffffff82a03dd8) at arch/x86/kernel/apic/apic.c:1106
Backtrace stopped: Cannot access memory at address 0xffffc90000004008
[Switching to Thread 1.4]

Thread 4 hit Breakpoint 1, 0xffffffff810f5ac9 in native_cpuid (edx=<synthetic pointer>, ecx=<synthetic pointer>, ebx=<synthetic pointer>, eax=<synthetic pointer>) at ./arch/x86/include/asm/cpuid.h:34
34		asm volatile("cpuid"
#0  0xffffffff810f5ac9 in native_cpuid (edx=<synthetic pointer>, ecx=<synthetic pointer>, ebx=<synthetic pointer>, eax=<synthetic pointer>) at ./arch/x86/include/asm/cpuid.h:34
#1  cpuid (edx=<synthetic pointer>, ecx=<synthetic pointer>, ebx=<synthetic pointer>, eax=<synthetic pointer>, op=1) at ./arch/x86/include/asm/cpuid.h:78
#2  cpuid_eax (op=1) at ./arch/x86/include/asm/cpuid.h:98
#3  mce_setup (m=m@entry=0xffffc90000128de8) at arch/x86/kernel/cpu/mce/core.c:125
#4  0xffffffff81f43e6d in mce_gather_info (m=m@entry=0xffffc90000128de8, regs=regs@entry=0x0 <fixed_percpu_data>) at arch/x86/kernel/cpu/mce/core.c:411
#5  0xffffffff810f5bac in machine_check_poll (flags=flags@entry=0, b=0xffff88813bd9bf20) at arch/x86/kernel/cpu/mce/core.c:667
#6  0xffffffff810f5f95 in mce_timer_fn (t=0xffff88813bd9bde0) at arch/x86/kernel/cpu/mce/core.c:1621
#7  0xffffffff811d6b0f in call_timer_fn (timer=timer@entry=0xffff88813bd9bde0, fn=fn@entry=0xffffffff810f5f00 <mce_timer_fn>, baseclk=baseclk@entry=4296638464) at kernel/time/timer.c:1700
#8  0xffffffff811d6e52 in expire_timers (head=0xffffc90000128f08, base=0xffff88813bd9cd00) at kernel/time/timer.c:1751
#9  __run_timers (base=0xffff88813bd9cd00) at kernel/time/timer.c:2022
#10 0xffffffff811d6f18 in run_timer_softirq (h=<optimized out>) at kernel/time/timer.c:2035
#11 0xffffffff81f51b9d in __do_softirq () at kernel/softirq.c:571
#12 0xffffffff8113517d in invoke_softirq () at kernel/softirq.c:445
#13 __irq_exit_rcu () at kernel/softirq.c:650
#14 irq_exit_rcu () at kernel/softirq.c:662
#15 0xffffffff81f44fe2 in sysvec_apic_timer_interrupt (regs=0xffffc9000009be38) at arch/x86/kernel/apic/apic.c:1106
Backtrace stopped: Cannot access memory at address 0xffffc90000129008
[Switching to Thread 1.3]

Thread 3 hit Breakpoint 1, 0xffffffff810f5ac9 in native_cpuid (edx=<synthetic pointer>, ecx=<synthetic pointer>, ebx=<synthetic pointer>, eax=<synthetic pointer>) at ./arch/x86/include/asm/cpuid.h:34
34		asm volatile("cpuid"
#0  0xffffffff810f5ac9 in native_cpuid (edx=<synthetic pointer>, ecx=<synthetic pointer>, ebx=<synthetic pointer>, eax=<synthetic pointer>) at ./arch/x86/include/asm/cpuid.h:34
#1  cpuid (edx=<synthetic pointer>, ecx=<synthetic pointer>, ebx=<synthetic pointer>, eax=<synthetic pointer>, op=1) at ./arch/x86/include/asm/cpuid.h:78
#2  cpuid_eax (op=1) at ./arch/x86/include/asm/cpuid.h:98
#3  mce_setup (m=m@entry=0xffffc900000fcde8) at arch/x86/kernel/cpu/mce/core.c:125
#4  0xffffffff81f43e6d in mce_gather_info (m=m@entry=0xffffc900000fcde8, regs=regs@entry=0x0 <fixed_percpu_data>) at arch/x86/kernel/cpu/mce/core.c:411
#5  0xffffffff810f5bac in machine_check_poll (flags=flags@entry=0, b=0xffff88813bd1bf20) at arch/x86/kernel/cpu/mce/core.c:667
#6  0xffffffff810f5f95 in mce_timer_fn (t=0xffff88813bd1bde0) at arch/x86/kernel/cpu/mce/core.c:1621
#7  0xffffffff811d6b0f in call_timer_fn (timer=timer@entry=0xffff88813bd1bde0, fn=fn@entry=0xffffffff810f5f00 <mce_timer_fn>, baseclk=baseclk@entry=4296966144) at kernel/time/timer.c:1700
#8  0xffffffff811d6e52 in expire_timers (head=0xffffc900000fcf08, base=0xffff88813bd1cd00) at kernel/time/timer.c:1751
#9  __run_timers (base=0xffff88813bd1cd00) at kernel/time/timer.c:2022
#10 0xffffffff811d6f18 in run_timer_softirq (h=<optimized out>) at kernel/time/timer.c:2035
#11 0xffffffff81f51b9d in __do_softirq () at kernel/softirq.c:571
#12 0xffffffff8113517d in invoke_softirq () at kernel/softirq.c:445
#13 __irq_exit_rcu () at kernel/softirq.c:650
#14 irq_exit_rcu () at kernel/softirq.c:662
#15 0xffffffff81f44fe2 in sysvec_apic_timer_interrupt (regs=0xffffc90000093e38) at arch/x86/kernel/apic/apic.c:1106
Backtrace stopped: Cannot access memory at address 0xffffc900000fd008
[Switching to Thread 1.1]

Thread 1 hit Breakpoint 1, 0xffffffff810f5ac9 in native_cpuid (edx=<synthetic pointer>, ecx=<synthetic pointer>, ebx=<synthetic pointer>, eax=<synthetic pointer>) at ./arch/x86/include/asm/cpuid.h:34
34		asm volatile("cpuid"
#0  0xffffffff810f5ac9 in native_cpuid (edx=<synthetic pointer>, ecx=<synthetic pointer>, ebx=<synthetic pointer>, eax=<synthetic pointer>) at ./arch/x86/include/asm/cpuid.h:34
#1  cpuid (edx=<synthetic pointer>, ecx=<synthetic pointer>, ebx=<synthetic pointer>, eax=<synthetic pointer>, op=1) at ./arch/x86/include/asm/cpuid.h:78
#2  cpuid_eax (op=1) at ./arch/x86/include/asm/cpuid.h:98
#3  mce_setup (m=m@entry=0xffffc90000003de8) at arch/x86/kernel/cpu/mce/core.c:125
#4  0xffffffff81f43e6d in mce_gather_info (m=m@entry=0xffffc90000003de8, regs=regs@entry=0x0 <fixed_percpu_data>) at arch/x86/kernel/cpu/mce/core.c:411
#5  0xffffffff810f5bac in machine_check_poll (flags=flags@entry=0, b=0xffff88813bc1bf20) at arch/x86/kernel/cpu/mce/core.c:667
#6  0xffffffff810f5f95 in mce_timer_fn (t=0xffff88813bc1bde0) at arch/x86/kernel/cpu/mce/core.c:1621
#7  0xffffffff811d6b0f in call_timer_fn (timer=timer@entry=0xffff88813bc1bde0, fn=fn@entry=0xffffffff810f5f00 <mce_timer_fn>, baseclk=baseclk@entry=4296966144) at kernel/time/timer.c:1700
#8  0xffffffff811d6e52 in expire_timers (head=0xffffc90000003f08, base=0xffff88813bc1cd00) at kernel/time/timer.c:1751
#9  __run_timers (base=0xffff88813bc1cd00) at kernel/time/timer.c:2022
#10 0xffffffff811d6f18 in run_timer_softirq (h=<optimized out>) at kernel/time/timer.c:2035
#11 0xffffffff81f51b9d in __do_softirq () at kernel/softirq.c:571
#12 0xffffffff8113517d in invoke_softirq () at kernel/softirq.c:445
#13 __irq_exit_rcu () at kernel/softirq.c:650
#14 irq_exit_rcu () at kernel/softirq.c:662
#15 0xffffffff81f44fe2 in sysvec_apic_timer_interrupt (regs=0xffffffff82a03dd8) at arch/x86/kernel/apic/apic.c:1106
Backtrace stopped: Cannot access memory at address 0xffffc90000004008
[Switching to Thread 1.4]

Thread 4 hit Breakpoint 1, 0xffffffff810f5ac9 in native_cpuid (edx=<synthetic pointer>, ecx=<synthetic pointer>, ebx=<synthetic pointer>, eax=<synthetic pointer>) at ./arch/x86/include/asm/cpuid.h:34
34		asm volatile("cpuid"
#0  0xffffffff810f5ac9 in native_cpuid (edx=<synthetic pointer>, ecx=<synthetic pointer>, ebx=<synthetic pointer>, eax=<synthetic pointer>) at ./arch/x86/include/asm/cpuid.h:34
#1  cpuid (edx=<synthetic pointer>, ecx=<synthetic pointer>, ebx=<synthetic pointer>, eax=<synthetic pointer>, op=1) at ./arch/x86/include/asm/cpuid.h:78
#2  cpuid_eax (op=1) at ./arch/x86/include/asm/cpuid.h:98
#3  mce_setup (m=m@entry=0xffffc90000128de8) at arch/x86/kernel/cpu/mce/core.c:125
#4  0xffffffff81f43e6d in mce_gather_info (m=m@entry=0xffffc90000128de8, regs=regs@entry=0x0 <fixed_percpu_data>) at arch/x86/kernel/cpu/mce/core.c:411
#5  0xffffffff810f5bac in machine_check_poll (flags=flags@entry=0, b=0xffff88813bd9bf20) at arch/x86/kernel/cpu/mce/core.c:667
#6  0xffffffff810f5f95 in mce_timer_fn (t=0xffff88813bd9bde0) at arch/x86/kernel/cpu/mce/core.c:1621
#7  0xffffffff811d6b0f in call_timer_fn (timer=timer@entry=0xffff88813bd9bde0, fn=fn@entry=0xffffffff810f5f00 <mce_timer_fn>, baseclk=baseclk@entry=4296966144) at kernel/time/timer.c:1700
#8  0xffffffff811d6e52 in expire_timers (head=0xffffc90000128f08, base=0xffff88813bd9cd00) at kernel/time/timer.c:1751
#9  __run_timers (base=0xffff88813bd9cd00) at kernel/time/timer.c:2022
#10 0xffffffff811d6f18 in run_timer_softirq (h=<optimized out>) at kernel/time/timer.c:2035
#11 0xffffffff81f51b9d in __do_softirq () at kernel/softirq.c:571
#12 0xffffffff8113517d in invoke_softirq () at kernel/softirq.c:445
#13 __irq_exit_rcu () at kernel/softirq.c:650
#14 irq_exit_rcu () at kernel/softirq.c:662
#15 0xffffffff81f44fe2 in sysvec_apic_timer_interrupt (regs=0xffffc9000009be38) at arch/x86/kernel/apic/apic.c:1106
Backtrace stopped: Cannot access memory at address 0xffffc90000129008
[Switching to Thread 1.2]

Thread 2 hit Breakpoint 1, 0xffffffff810f5ac9 in native_cpuid (edx=<synthetic pointer>, ecx=<synthetic pointer>, ebx=<synthetic pointer>, eax=<synthetic pointer>) at ./arch/x86/include/asm/cpuid.h:34
34		asm volatile("cpuid"
#0  0xffffffff810f5ac9 in native_cpuid (edx=<synthetic pointer>, ecx=<synthetic pointer>, ebx=<synthetic pointer>, eax=<synthetic pointer>) at ./arch/x86/include/asm/cpuid.h:34
#1  cpuid (edx=<synthetic pointer>, ecx=<synthetic pointer>, ebx=<synthetic pointer>, eax=<synthetic pointer>, op=1) at ./arch/x86/include/asm/cpuid.h:78
#2  cpuid_eax (op=1) at ./arch/x86/include/asm/cpuid.h:98
#3  mce_setup (m=m@entry=0xffffc900000d0de8) at arch/x86/kernel/cpu/mce/core.c:125
#4  0xffffffff81f43e6d in mce_gather_info (m=m@entry=0xffffc900000d0de8, regs=regs@entry=0x0 <fixed_percpu_data>) at arch/x86/kernel/cpu/mce/core.c:411
#5  0xffffffff810f5bac in machine_check_poll (flags=flags@entry=0, b=0xffff88813bc9bf20) at arch/x86/kernel/cpu/mce/core.c:667
#6  0xffffffff810f5f95 in mce_timer_fn (t=0xffff88813bc9bde0) at arch/x86/kernel/cpu/mce/core.c:1621
#7  0xffffffff811d6b0f in call_timer_fn (timer=timer@entry=0xffff88813bc9bde0, fn=fn@entry=0xffffffff810f5f00 <mce_timer_fn>, baseclk=baseclk@entry=4296966144) at kernel/time/timer.c:1700
#8  0xffffffff811d6e52 in expire_timers (head=0xffffc900000d0f08, base=0xffff88813bc9cd00) at kernel/time/timer.c:1751
#9  __run_timers (base=0xffff88813bc9cd00) at kernel/time/timer.c:2022
#10 0xffffffff811d6f18 in run_timer_softirq (h=<optimized out>) at kernel/time/timer.c:2035
#11 0xffffffff81f51b9d in __do_softirq () at kernel/softirq.c:571
#12 0xffffffff8113517d in invoke_softirq () at kernel/softirq.c:445
#13 __irq_exit_rcu () at kernel/softirq.c:650
#14 irq_exit_rcu () at kernel/softirq.c:662
#15 0xffffffff81f44fe2 in sysvec_apic_timer_interrupt (regs=0xffffc9000008be38) at arch/x86/kernel/apic/apic.c:1106
Backtrace stopped: Cannot access memory at address 0xffffc900000d1008
[Switching to Thread 1.4]

Thread 4 hit Breakpoint 1, 0xffffffff810f5ac9 in native_cpuid (edx=<synthetic pointer>, ecx=<synthetic pointer>, ebx=<synthetic pointer>, eax=<synthetic pointer>) at ./arch/x86/include/asm/cpuid.h:34
34		asm volatile("cpuid"
#0  0xffffffff810f5ac9 in native_cpuid (edx=<synthetic pointer>, ecx=<synthetic pointer>, ebx=<synthetic pointer>, eax=<synthetic pointer>) at ./arch/x86/include/asm/cpuid.h:34
#1  cpuid (edx=<synthetic pointer>, ecx=<synthetic pointer>, ebx=<synthetic pointer>, eax=<synthetic pointer>, op=1) at ./arch/x86/include/asm/cpuid.h:78
#2  cpuid_eax (op=1) at ./arch/x86/include/asm/cpuid.h:98
#3  mce_setup (m=m@entry=0xffffc90000128de8) at arch/x86/kernel/cpu/mce/core.c:125
#4  0xffffffff81f43e6d in mce_gather_info (m=m@entry=0xffffc90000128de8, regs=regs@entry=0x0 <fixed_percpu_data>) at arch/x86/kernel/cpu/mce/core.c:411
#5  0xffffffff810f5bac in machine_check_poll (flags=flags@entry=0, b=0xffff88813bd9bf20) at arch/x86/kernel/cpu/mce/core.c:667
#6  0xffffffff810f5f95 in mce_timer_fn (t=0xffff88813bd9bde0) at arch/x86/kernel/cpu/mce/core.c:1621
#7  0xffffffff811d6b0f in call_timer_fn (timer=timer@entry=0xffff88813bd9bde0, fn=fn@entry=0xffffffff810f5f00 <mce_timer_fn>, baseclk=baseclk@entry=4297293824) at kernel/time/timer.c:1700
#8  0xffffffff811d6e52 in expire_timers (head=0xffffc90000128f08, base=0xffff88813bd9cd00) at kernel/time/timer.c:1751
#9  __run_timers (base=0xffff88813bd9cd00) at kernel/time/timer.c:2022
#10 0xffffffff811d6f18 in run_timer_softirq (h=<optimized out>) at kernel/time/timer.c:2035
#11 0xffffffff81f51b9d in __do_softirq () at kernel/softirq.c:571
#12 0xffffffff8113517d in invoke_softirq () at kernel/softirq.c:445
#13 __irq_exit_rcu () at kernel/softirq.c:650
#14 irq_exit_rcu () at kernel/softirq.c:662
#15 0xffffffff81f44fe2 in sysvec_apic_timer_interrupt (regs=0xffffc9000009be38) at arch/x86/kernel/apic/apic.c:1106
Backtrace stopped: Cannot access memory at address 0xffffc90000129008
[Switching to Thread 1.3]

Thread 3 hit Breakpoint 1, 0xffffffff810f5ac9 in native_cpuid (edx=<synthetic pointer>, ecx=<synthetic pointer>, ebx=<synthetic pointer>, eax=<synthetic pointer>) at ./arch/x86/include/asm/cpuid.h:34
34		asm volatile("cpuid"
#0  0xffffffff810f5ac9 in native_cpuid (edx=<synthetic pointer>, ecx=<synthetic pointer>, ebx=<synthetic pointer>, eax=<synthetic pointer>) at ./arch/x86/include/asm/cpuid.h:34
#1  cpuid (edx=<synthetic pointer>, ecx=<synthetic pointer>, ebx=<synthetic pointer>, eax=<synthetic pointer>, op=1) at ./arch/x86/include/asm/cpuid.h:78
#2  cpuid_eax (op=1) at ./arch/x86/include/asm/cpuid.h:98
#3  mce_setup (m=m@entry=0xffffc900000fcde8) at arch/x86/kernel/cpu/mce/core.c:125
#4  0xffffffff81f43e6d in mce_gather_info (m=m@entry=0xffffc900000fcde8, regs=regs@entry=0x0 <fixed_percpu_data>) at arch/x86/kernel/cpu/mce/core.c:411
#5  0xffffffff810f5bac in machine_check_poll (flags=flags@entry=0, b=0xffff88813bd1bf20) at arch/x86/kernel/cpu/mce/core.c:667
#6  0xffffffff810f5f95 in mce_timer_fn (t=0xffff88813bd1bde0) at arch/x86/kernel/cpu/mce/core.c:1621
#7  0xffffffff811d6b0f in call_timer_fn (timer=timer@entry=0xffff88813bd1bde0, fn=fn@entry=0xffffffff810f5f00 <mce_timer_fn>, baseclk=baseclk@entry=4297293824) at kernel/time/timer.c:1700
#8  0xffffffff811d6e52 in expire_timers (head=0xffffc900000fcf08, base=0xffff88813bd1cd00) at kernel/time/timer.c:1751
#9  __run_timers (base=0xffff88813bd1cd00) at kernel/time/timer.c:2022
#10 0xffffffff811d6f18 in run_timer_softirq (h=<optimized out>) at kernel/time/timer.c:2035
#11 0xffffffff81f51b9d in __do_softirq () at kernel/softirq.c:571
#12 0xffffffff8113517d in invoke_softirq () at kernel/softirq.c:445
#13 __irq_exit_rcu () at kernel/softirq.c:650
#14 irq_exit_rcu () at kernel/softirq.c:662
#15 0xffffffff81f44fe2 in sysvec_apic_timer_interrupt (regs=0xffffc90000093e38) at arch/x86/kernel/apic/apic.c:1106
Backtrace stopped: Cannot access memory at address 0xffffc900000fd008
[Switching to Thread 1.2]

Thread 2 hit Breakpoint 1, 0xffffffff810f5ac9 in native_cpuid (edx=<synthetic pointer>, ecx=<synthetic pointer>, ebx=<synthetic pointer>, eax=<synthetic pointer>) at ./arch/x86/include/asm/cpuid.h:34
34		asm volatile("cpuid"
#0  0xffffffff810f5ac9 in native_cpuid (edx=<synthetic pointer>, ecx=<synthetic pointer>, ebx=<synthetic pointer>, eax=<synthetic pointer>) at ./arch/x86/include/asm/cpuid.h:34
#1  cpuid (edx=<synthetic pointer>, ecx=<synthetic pointer>, ebx=<synthetic pointer>, eax=<synthetic pointer>, op=1) at ./arch/x86/include/asm/cpuid.h:78
#2  cpuid_eax (op=1) at ./arch/x86/include/asm/cpuid.h:98
#3  mce_setup (m=m@entry=0xffffc900000d0de8) at arch/x86/kernel/cpu/mce/core.c:125
#4  0xffffffff81f43e6d in mce_gather_info (m=m@entry=0xffffc900000d0de8, regs=regs@entry=0x0 <fixed_percpu_data>) at arch/x86/kernel/cpu/mce/core.c:411
#5  0xffffffff810f5bac in machine_check_poll (flags=flags@entry=0, b=0xffff88813bc9bf20) at arch/x86/kernel/cpu/mce/core.c:667
#6  0xffffffff810f5f95 in mce_timer_fn (t=0xffff88813bc9bde0) at arch/x86/kernel/cpu/mce/core.c:1621
#7  0xffffffff811d6b0f in call_timer_fn (timer=timer@entry=0xffff88813bc9bde0, fn=fn@entry=0xffffffff810f5f00 <mce_timer_fn>, baseclk=baseclk@entry=4297293824) at kernel/time/timer.c:1700
#8  0xffffffff811d6e52 in expire_timers (head=0xffffc900000d0f08, base=0xffff88813bc9cd00) at kernel/time/timer.c:1751
#9  __run_timers (base=0xffff88813bc9cd00) at kernel/time/timer.c:2022
#10 0xffffffff811d6f18 in run_timer_softirq (h=<optimized out>) at kernel/time/timer.c:2035
#11 0xffffffff81f51b9d in __do_softirq () at kernel/softirq.c:571
#12 0xffffffff8113517d in invoke_softirq () at kernel/softirq.c:445
#13 __irq_exit_rcu () at kernel/softirq.c:650
#14 irq_exit_rcu () at kernel/softirq.c:662
#15 0xffffffff81f44fe2 in sysvec_apic_timer_interrupt (regs=0xffffc9000008be38) at arch/x86/kernel/apic/apic.c:1106
Backtrace stopped: Cannot access memory at address 0xffffc900000d1008
[Switching to Thread 1.1]

Thread 1 hit Breakpoint 1, 0xffffffff810f5ac9 in native_cpuid (edx=<synthetic pointer>, ecx=<synthetic pointer>, ebx=<synthetic pointer>, eax=<synthetic pointer>) at ./arch/x86/include/asm/cpuid.h:34
34		asm volatile("cpuid"
#0  0xffffffff810f5ac9 in native_cpuid (edx=<synthetic pointer>, ecx=<synthetic pointer>, ebx=<synthetic pointer>, eax=<synthetic pointer>) at ./arch/x86/include/asm/cpuid.h:34
#1  cpuid (edx=<synthetic pointer>, ecx=<synthetic pointer>, ebx=<synthetic pointer>, eax=<synthetic pointer>, op=1) at ./arch/x86/include/asm/cpuid.h:78
#2  cpuid_eax (op=1) at ./arch/x86/include/asm/cpuid.h:98
#3  mce_setup (m=m@entry=0xffffc90000003de8) at arch/x86/kernel/cpu/mce/core.c:125
#4  0xffffffff81f43e6d in mce_gather_info (m=m@entry=0xffffc90000003de8, regs=regs@entry=0x0 <fixed_percpu_data>) at arch/x86/kernel/cpu/mce/core.c:411
#5  0xffffffff810f5bac in machine_check_poll (flags=flags@entry=0, b=0xffff88813bc1bf20) at arch/x86/kernel/cpu/mce/core.c:667
#6  0xffffffff810f5f95 in mce_timer_fn (t=0xffff88813bc1bde0) at arch/x86/kernel/cpu/mce/core.c:1621
#7  0xffffffff811d6b0f in call_timer_fn (timer=timer@entry=0xffff88813bc1bde0, fn=fn@entry=0xffffffff810f5f00 <mce_timer_fn>, baseclk=baseclk@entry=4297293824) at kernel/time/timer.c:1700
#8  0xffffffff811d6e52 in expire_timers (head=0xffffc90000003f08, base=0xffff88813bc1cd00) at kernel/time/timer.c:1751
#9  __run_timers (base=0xffff88813bc1cd00) at kernel/time/timer.c:2022
#10 0xffffffff811d6f18 in run_timer_softirq (h=<optimized out>) at kernel/time/timer.c:2035
#11 0xffffffff81f51b9d in __do_softirq () at kernel/softirq.c:571
#12 0xffffffff8113517d in invoke_softirq () at kernel/softirq.c:445
#13 __irq_exit_rcu () at kernel/softirq.c:650
#14 irq_exit_rcu () at kernel/softirq.c:662
#15 0xffffffff81f44fe2 in sysvec_apic_timer_interrupt (regs=0xffffffff82a03dd8) at arch/x86/kernel/apic/apic.c:1106
Backtrace stopped: Cannot access memory at address 0xffffc90000004008
[Switching to Thread 1.2]

Thread 2 hit Breakpoint 1, 0xffffffff810f5ac9 in native_cpuid (edx=<synthetic pointer>, ecx=<synthetic pointer>, ebx=<synthetic pointer>, eax=<synthetic pointer>) at ./arch/x86/include/asm/cpuid.h:34
34		asm volatile("cpuid"
#0  0xffffffff810f5ac9 in native_cpuid (edx=<synthetic pointer>, ecx=<synthetic pointer>, ebx=<synthetic pointer>, eax=<synthetic pointer>) at ./arch/x86/include/asm/cpuid.h:34
#1  cpuid (edx=<synthetic pointer>, ecx=<synthetic pointer>, ebx=<synthetic pointer>, eax=<synthetic pointer>, op=1) at ./arch/x86/include/asm/cpuid.h:78
#2  cpuid_eax (op=1) at ./arch/x86/include/asm/cpuid.h:98
#3  mce_setup (m=m@entry=0xffffc900000d0de8) at arch/x86/kernel/cpu/mce/core.c:125
#4  0xffffffff81f43e6d in mce_gather_info (m=m@entry=0xffffc900000d0de8, regs=regs@entry=0x0 <fixed_percpu_data>) at arch/x86/kernel/cpu/mce/core.c:411
#5  0xffffffff810f5bac in machine_check_poll (flags=flags@entry=0, b=0xffff88813bc9bf20) at arch/x86/kernel/cpu/mce/core.c:667
#6  0xffffffff810f5f95 in mce_timer_fn (t=0xffff88813bc9bde0) at arch/x86/kernel/cpu/mce/core.c:1621
#7  0xffffffff811d6b0f in call_timer_fn (timer=timer@entry=0xffff88813bc9bde0, fn=fn@entry=0xffffffff810f5f00 <mce_timer_fn>, baseclk=baseclk@entry=4297621504) at kernel/time/timer.c:1700
#8  0xffffffff811d6e52 in expire_timers (head=0xffffc900000d0f08, base=0xffff88813bc9cd00) at kernel/time/timer.c:1751
#9  __run_timers (base=0xffff88813bc9cd00) at kernel/time/timer.c:2022
#10 0xffffffff811d6f18 in run_timer_softirq (h=<optimized out>) at kernel/time/timer.c:2035
#11 0xffffffff81f51b9d in __do_softirq () at kernel/softirq.c:571
#12 0xffffffff8113517d in invoke_softirq () at kernel/softirq.c:445
#13 __irq_exit_rcu () at kernel/softirq.c:650
#14 irq_exit_rcu () at kernel/softirq.c:662
#15 0xffffffff81f44fe2 in sysvec_apic_timer_interrupt (regs=0xffffc9000008be38) at arch/x86/kernel/apic/apic.c:1106
Backtrace stopped: Cannot access memory at address 0xffffc900000d1008
[Switching to Thread 1.1]

Thread 1 hit Breakpoint 1, 0xffffffff810f5ac9 in native_cpuid (edx=<synthetic pointer>, ecx=<synthetic pointer>, ebx=<synthetic pointer>, eax=<synthetic pointer>) at ./arch/x86/include/asm/cpuid.h:34
34		asm volatile("cpuid"
#0  0xffffffff810f5ac9 in native_cpuid (edx=<synthetic pointer>, ecx=<synthetic pointer>, ebx=<synthetic pointer>, eax=<synthetic pointer>) at ./arch/x86/include/asm/cpuid.h:34
#1  cpuid (edx=<synthetic pointer>, ecx=<synthetic pointer>, ebx=<synthetic pointer>, eax=<synthetic pointer>, op=1) at ./arch/x86/include/asm/cpuid.h:78
#2  cpuid_eax (op=1) at ./arch/x86/include/asm/cpuid.h:98
#3  mce_setup (m=m@entry=0xffffc90000003de8) at arch/x86/kernel/cpu/mce/core.c:125
#4  0xffffffff81f43e6d in mce_gather_info (m=m@entry=0xffffc90000003de8, regs=regs@entry=0x0 <fixed_percpu_data>) at arch/x86/kernel/cpu/mce/core.c:411
#5  0xffffffff810f5bac in machine_check_poll (flags=flags@entry=0, b=0xffff88813bc1bf20) at arch/x86/kernel/cpu/mce/core.c:667
#6  0xffffffff810f5f95 in mce_timer_fn (t=0xffff88813bc1bde0) at arch/x86/kernel/cpu/mce/core.c:1621
#7  0xffffffff811d6b0f in call_timer_fn (timer=timer@entry=0xffff88813bc1bde0, fn=fn@entry=0xffffffff810f5f00 <mce_timer_fn>, baseclk=baseclk@entry=4297621504) at kernel/time/timer.c:1700
#8  0xffffffff811d6e52 in expire_timers (head=0xffffc90000003f08, base=0xffff88813bc1cd00) at kernel/time/timer.c:1751
#9  __run_timers (base=0xffff88813bc1cd00) at kernel/time/timer.c:2022
#10 0xffffffff811d6f18 in run_timer_softirq (h=<optimized out>) at kernel/time/timer.c:2035
#11 0xffffffff81f51b9d in __do_softirq () at kernel/softirq.c:571
#12 0xffffffff8113517d in invoke_softirq () at kernel/softirq.c:445
#13 __irq_exit_rcu () at kernel/softirq.c:650
#14 irq_exit_rcu () at kernel/softirq.c:662
#15 0xffffffff81f44fe2 in sysvec_apic_timer_interrupt (regs=0xffffffff82a03dd8) at arch/x86/kernel/apic/apic.c:1106
Backtrace stopped: Cannot access memory at address 0xffffc90000004008
[Switching to Thread 1.3]

Thread 3 hit Breakpoint 1, 0xffffffff810f5ac9 in native_cpuid (edx=<synthetic pointer>, ecx=<synthetic pointer>, ebx=<synthetic pointer>, eax=<synthetic pointer>) at ./arch/x86/include/asm/cpuid.h:34
34		asm volatile("cpuid"
#0  0xffffffff810f5ac9 in native_cpuid (edx=<synthetic pointer>, ecx=<synthetic pointer>, ebx=<synthetic pointer>, eax=<synthetic pointer>) at ./arch/x86/include/asm/cpuid.h:34
#1  cpuid (edx=<synthetic pointer>, ecx=<synthetic pointer>, ebx=<synthetic pointer>, eax=<synthetic pointer>, op=1) at ./arch/x86/include/asm/cpuid.h:78
#2  cpuid_eax (op=1) at ./arch/x86/include/asm/cpuid.h:98
#3  mce_setup (m=m@entry=0xffffc900000fcde8) at arch/x86/kernel/cpu/mce/core.c:125
#4  0xffffffff81f43e6d in mce_gather_info (m=m@entry=0xffffc900000fcde8, regs=regs@entry=0x0 <fixed_percpu_data>) at arch/x86/kernel/cpu/mce/core.c:411
#5  0xffffffff810f5bac in machine_check_poll (flags=flags@entry=0, b=0xffff88813bd1bf20) at arch/x86/kernel/cpu/mce/core.c:667
#6  0xffffffff810f5f95 in mce_timer_fn (t=0xffff88813bd1bde0) at arch/x86/kernel/cpu/mce/core.c:1621
#7  0xffffffff811d6b0f in call_timer_fn (timer=timer@entry=0xffff88813bd1bde0, fn=fn@entry=0xffffffff810f5f00 <mce_timer_fn>, baseclk=baseclk@entry=4297621504) at kernel/time/timer.c:1700
#8  0xffffffff811d6e52 in expire_timers (head=0xffffc900000fcf10, base=0xffff88813bd1cd00) at kernel/time/timer.c:1751
#9  __run_timers (base=0xffff88813bd1cd00) at kernel/time/timer.c:2022
#10 0xffffffff811d6f18 in run_timer_softirq (h=<optimized out>) at kernel/time/timer.c:2035
#11 0xffffffff81f51b9d in __do_softirq () at kernel/softirq.c:571
#12 0xffffffff8113517d in invoke_softirq () at kernel/softirq.c:445
#13 __irq_exit_rcu () at kernel/softirq.c:650
#14 irq_exit_rcu () at kernel/softirq.c:662
#15 0xffffffff81f44fe2 in sysvec_apic_timer_interrupt (regs=0xffffc90000093e38) at arch/x86/kernel/apic/apic.c:1106
Backtrace stopped: Cannot access memory at address 0xffffc900000fd008
[Switching to Thread 1.4]

Thread 4 hit Breakpoint 1, 0xffffffff810f5ac9 in native_cpuid (edx=<synthetic pointer>, ecx=<synthetic pointer>, ebx=<synthetic pointer>, eax=<synthetic pointer>) at ./arch/x86/include/asm/cpuid.h:34
34		asm volatile("cpuid"
#0  0xffffffff810f5ac9 in native_cpuid (edx=<synthetic pointer>, ecx=<synthetic pointer>, ebx=<synthetic pointer>, eax=<synthetic pointer>) at ./arch/x86/include/asm/cpuid.h:34
#1  cpuid (edx=<synthetic pointer>, ecx=<synthetic pointer>, ebx=<synthetic pointer>, eax=<synthetic pointer>, op=1) at ./arch/x86/include/asm/cpuid.h:78
#2  cpuid_eax (op=1) at ./arch/x86/include/asm/cpuid.h:98
#3  mce_setup (m=m@entry=0xffffc90000128de8) at arch/x86/kernel/cpu/mce/core.c:125
#4  0xffffffff81f43e6d in mce_gather_info (m=m@entry=0xffffc90000128de8, regs=regs@entry=0x0 <fixed_percpu_data>) at arch/x86/kernel/cpu/mce/core.c:411
#5  0xffffffff810f5bac in machine_check_poll (flags=flags@entry=0, b=0xffff88813bd9bf20) at arch/x86/kernel/cpu/mce/core.c:667
#6  0xffffffff810f5f95 in mce_timer_fn (t=0xffff88813bd9bde0) at arch/x86/kernel/cpu/mce/core.c:1621
#7  0xffffffff811d6b0f in call_timer_fn (timer=timer@entry=0xffff88813bd9bde0, fn=fn@entry=0xffffffff810f5f00 <mce_timer_fn>, baseclk=baseclk@entry=4297621504) at kernel/time/timer.c:1700
#8  0xffffffff811d6e52 in expire_timers (head=0xffffc90000128f08, base=0xffff88813bd9cd00) at kernel/time/timer.c:1751
#9  __run_timers (base=0xffff88813bd9cd00) at kernel/time/timer.c:2022
#10 0xffffffff811d6f18 in run_timer_softirq (h=<optimized out>) at kernel/time/timer.c:2035
#11 0xffffffff81f51b9d in __do_softirq () at kernel/softirq.c:571
#12 0xffffffff8113517d in invoke_softirq () at kernel/softirq.c:445
#13 __irq_exit_rcu () at kernel/softirq.c:650
#14 irq_exit_rcu () at kernel/softirq.c:662
#15 0xffffffff81f44fe2 in sysvec_apic_timer_interrupt (regs=0xffffc9000009be38) at arch/x86/kernel/apic/apic.c:1106
Backtrace stopped: Cannot access memory at address 0xffffc90000129008
[Switching to Thread 1.2]

Thread 2 hit Breakpoint 1, 0xffffffff810f5ac9 in native_cpuid (edx=<synthetic pointer>, ecx=<synthetic pointer>, ebx=<synthetic pointer>, eax=<synthetic pointer>) at ./arch/x86/include/asm/cpuid.h:34
34		asm volatile("cpuid"
#0  0xffffffff810f5ac9 in native_cpuid (edx=<synthetic pointer>, ecx=<synthetic pointer>, ebx=<synthetic pointer>, eax=<synthetic pointer>) at ./arch/x86/include/asm/cpuid.h:34
#1  cpuid (edx=<synthetic pointer>, ecx=<synthetic pointer>, ebx=<synthetic pointer>, eax=<synthetic pointer>, op=1) at ./arch/x86/include/asm/cpuid.h:78
#2  cpuid_eax (op=1) at ./arch/x86/include/asm/cpuid.h:98
#3  mce_setup (m=m@entry=0xffffc900000d0de8) at arch/x86/kernel/cpu/mce/core.c:125
#4  0xffffffff81f43e6d in mce_gather_info (m=m@entry=0xffffc900000d0de8, regs=regs@entry=0x0 <fixed_percpu_data>) at arch/x86/kernel/cpu/mce/core.c:411
#5  0xffffffff810f5bac in machine_check_poll (flags=flags@entry=0, b=0xffff88813bc9bf20) at arch/x86/kernel/cpu/mce/core.c:667
#6  0xffffffff810f5f95 in mce_timer_fn (t=0xffff88813bc9bde0) at arch/x86/kernel/cpu/mce/core.c:1621
#7  0xffffffff811d6b0f in call_timer_fn (timer=timer@entry=0xffff88813bc9bde0, fn=fn@entry=0xffffffff810f5f00 <mce_timer_fn>, baseclk=baseclk@entry=4297949184) at kernel/time/timer.c:1700
#8  0xffffffff811d6e52 in expire_timers (head=0xffffc900000d0f08, base=0xffff88813bc9cd00) at kernel/time/timer.c:1751
#9  __run_timers (base=0xffff88813bc9cd00) at kernel/time/timer.c:2022
#10 0xffffffff811d6f18 in run_timer_softirq (h=<optimized out>) at kernel/time/timer.c:2035
#11 0xffffffff81f51b9d in __do_softirq () at kernel/softirq.c:571
#12 0xffffffff8113517d in invoke_softirq () at kernel/softirq.c:445
#13 __irq_exit_rcu () at kernel/softirq.c:650
#14 irq_exit_rcu () at kernel/softirq.c:662
#15 0xffffffff81f44fe2 in sysvec_apic_timer_interrupt (regs=0xffffc9000008be38) at arch/x86/kernel/apic/apic.c:1106
Backtrace stopped: Cannot access memory at address 0xffffc900000d1008
[Switching to Thread 1.4]

Thread 4 hit Breakpoint 1, 0xffffffff810f5ac9 in native_cpuid (edx=<synthetic pointer>, ecx=<synthetic pointer>, ebx=<synthetic pointer>, eax=<synthetic pointer>) at ./arch/x86/include/asm/cpuid.h:34
34		asm volatile("cpuid"
#0  0xffffffff810f5ac9 in native_cpuid (edx=<synthetic pointer>, ecx=<synthetic pointer>, ebx=<synthetic pointer>, eax=<synthetic pointer>) at ./arch/x86/include/asm/cpuid.h:34
#1  cpuid (edx=<synthetic pointer>, ecx=<synthetic pointer>, ebx=<synthetic pointer>, eax=<synthetic pointer>, op=1) at ./arch/x86/include/asm/cpuid.h:78
#2  cpuid_eax (op=1) at ./arch/x86/include/asm/cpuid.h:98
#3  mce_setup (m=m@entry=0xffffc90000128de8) at arch/x86/kernel/cpu/mce/core.c:125
#4  0xffffffff81f43e6d in mce_gather_info (m=m@entry=0xffffc90000128de8, regs=regs@entry=0x0 <fixed_percpu_data>) at arch/x86/kernel/cpu/mce/core.c:411
#5  0xffffffff810f5bac in machine_check_poll (flags=flags@entry=0, b=0xffff88813bd9bf20) at arch/x86/kernel/cpu/mce/core.c:667
#6  0xffffffff810f5f95 in mce_timer_fn (t=0xffff88813bd9bde0) at arch/x86/kernel/cpu/mce/core.c:1621
#7  0xffffffff811d6b0f in call_timer_fn (timer=timer@entry=0xffff88813bd9bde0, fn=fn@entry=0xffffffff810f5f00 <mce_timer_fn>, baseclk=baseclk@entry=4297949184) at kernel/time/timer.c:1700
#8  0xffffffff811d6e52 in expire_timers (head=0xffffc90000128f08, base=0xffff88813bd9cd00) at kernel/time/timer.c:1751
#9  __run_timers (base=0xffff88813bd9cd00) at kernel/time/timer.c:2022
#10 0xffffffff811d6f18 in run_timer_softirq (h=<optimized out>) at kernel/time/timer.c:2035
#11 0xffffffff81f51b9d in __do_softirq () at kernel/softirq.c:571
#12 0xffffffff8113517d in invoke_softirq () at kernel/softirq.c:445
#13 __irq_exit_rcu () at kernel/softirq.c:650
#14 irq_exit_rcu () at kernel/softirq.c:662
#15 0xffffffff81f44fe2 in sysvec_apic_timer_interrupt (regs=0xffffc9000009be38) at arch/x86/kernel/apic/apic.c:1106
Backtrace stopped: Cannot access memory at address 0xffffc90000129008
[Switching to Thread 1.1]

Thread 1 hit Breakpoint 1, 0xffffffff810f5ac9 in native_cpuid (edx=<synthetic pointer>, ecx=<synthetic pointer>, ebx=<synthetic pointer>, eax=<synthetic pointer>) at ./arch/x86/include/asm/cpuid.h:34
34		asm volatile("cpuid"
#0  0xffffffff810f5ac9 in native_cpuid (edx=<synthetic pointer>, ecx=<synthetic pointer>, ebx=<synthetic pointer>, eax=<synthetic pointer>) at ./arch/x86/include/asm/cpuid.h:34
#1  cpuid (edx=<synthetic pointer>, ecx=<synthetic pointer>, ebx=<synthetic pointer>, eax=<synthetic pointer>, op=1) at ./arch/x86/include/asm/cpuid.h:78
#2  cpuid_eax (op=1) at ./arch/x86/include/asm/cpuid.h:98
#3  mce_setup (m=m@entry=0xffffc90000003de8) at arch/x86/kernel/cpu/mce/core.c:125
#4  0xffffffff81f43e6d in mce_gather_info (m=m@entry=0xffffc90000003de8, regs=regs@entry=0x0 <fixed_percpu_data>) at arch/x86/kernel/cpu/mce/core.c:411
#5  0xffffffff810f5bac in machine_check_poll (flags=flags@entry=0, b=0xffff88813bc1bf20) at arch/x86/kernel/cpu/mce/core.c:667
#6  0xffffffff810f5f95 in mce_timer_fn (t=0xffff88813bc1bde0) at arch/x86/kernel/cpu/mce/core.c:1621
#7  0xffffffff811d6b0f in call_timer_fn (timer=timer@entry=0xffff88813bc1bde0, fn=fn@entry=0xffffffff810f5f00 <mce_timer_fn>, baseclk=baseclk@entry=4297949184) at kernel/time/timer.c:1700
#8  0xffffffff811d6e52 in expire_timers (head=0xffffc90000003f08, base=0xffff88813bc1cd00) at kernel/time/timer.c:1751
#9  __run_timers (base=0xffff88813bc1cd00) at kernel/time/timer.c:2022
#10 0xffffffff811d6f18 in run_timer_softirq (h=<optimized out>) at kernel/time/timer.c:2035
#11 0xffffffff81f51b9d in __do_softirq () at kernel/softirq.c:571
#12 0xffffffff8113517d in invoke_softirq () at kernel/softirq.c:445
#13 __irq_exit_rcu () at kernel/softirq.c:650
#14 irq_exit_rcu () at kernel/softirq.c:662
#15 0xffffffff81f44fe2 in sysvec_apic_timer_interrupt (regs=0xffffffff82a03dd8) at arch/x86/kernel/apic/apic.c:1106
Backtrace stopped: Cannot access memory at address 0xffffc90000004008
[Switching to Thread 1.3]

Thread 3 hit Breakpoint 1, 0xffffffff810f5ac9 in native_cpuid (edx=<synthetic pointer>, ecx=<synthetic pointer>, ebx=<synthetic pointer>, eax=<synthetic pointer>) at ./arch/x86/include/asm/cpuid.h:34
34		asm volatile("cpuid"
#0  0xffffffff810f5ac9 in native_cpuid (edx=<synthetic pointer>, ecx=<synthetic pointer>, ebx=<synthetic pointer>, eax=<synthetic pointer>) at ./arch/x86/include/asm/cpuid.h:34
#1  cpuid (edx=<synthetic pointer>, ecx=<synthetic pointer>, ebx=<synthetic pointer>, eax=<synthetic pointer>, op=1) at ./arch/x86/include/asm/cpuid.h:78
#2  cpuid_eax (op=1) at ./arch/x86/include/asm/cpuid.h:98
#3  mce_setup (m=m@entry=0xffffc900000fcde8) at arch/x86/kernel/cpu/mce/core.c:125
#4  0xffffffff81f43e6d in mce_gather_info (m=m@entry=0xffffc900000fcde8, regs=regs@entry=0x0 <fixed_percpu_data>) at arch/x86/kernel/cpu/mce/core.c:411
#5  0xffffffff810f5bac in machine_check_poll (flags=flags@entry=0, b=0xffff88813bd1bf20) at arch/x86/kernel/cpu/mce/core.c:667
#6  0xffffffff810f5f95 in mce_timer_fn (t=0xffff88813bd1bde0) at arch/x86/kernel/cpu/mce/core.c:1621
#7  0xffffffff811d6b0f in call_timer_fn (timer=timer@entry=0xffff88813bd1bde0, fn=fn@entry=0xffffffff810f5f00 <mce_timer_fn>, baseclk=baseclk@entry=4297949184) at kernel/time/timer.c:1700
#8  0xffffffff811d6e52 in expire_timers (head=0xffffc900000fcf08, base=0xffff88813bd1cd00) at kernel/time/timer.c:1751
#9  __run_timers (base=0xffff88813bd1cd00) at kernel/time/timer.c:2022
#10 0xffffffff811d6f18 in run_timer_softirq (h=<optimized out>) at kernel/time/timer.c:2035
#11 0xffffffff81f51b9d in __do_softirq () at kernel/softirq.c:571
#12 0xffffffff8113517d in invoke_softirq () at kernel/softirq.c:445
#13 __irq_exit_rcu () at kernel/softirq.c:650
#14 irq_exit_rcu () at kernel/softirq.c:662
#15 0xffffffff81f44fe2 in sysvec_apic_timer_interrupt (regs=0xffffc90000093e38) at arch/x86/kernel/apic/apic.c:1106
Backtrace stopped: Cannot access memory at address 0xffffc900000fd008
